2025-11-30T21:40:41.117853Z  INFO tailwindcss_oxide::scanner: Provided sources:
2025-11-30T21:40:41.118515Z  INFO tailwindcss_oxide::scanner: Source: PublicSourceEntry { base: "/home/dioney/Documentos/bet/frontBet", pattern: "**/*", negated: false }
2025-11-30T21:40:41.120031Z  INFO tailwindcss_oxide::scanner: Optimized sources:
2025-11-30T21:40:41.120257Z  INFO tailwindcss_oxide::scanner: Source: Auto { base: "/home/dioney/Documentos/bet/frontBet" }
2025-11-30T21:40:41.127163Z  INFO scan_sources: tailwindcss_oxide::scanner: enter
2025-11-30T21:40:41.128492Z  INFO scan_sources: tailwindcss_oxide::scanner: Discovering "/home/dioney/Documentos/bet/frontBet/docs"
2025-11-30T21:40:41.129571Z  INFO scan_sources: tailwindcss_oxide::scanner: Discovering "/home/dioney/Documentos/bet/frontBet/docs/localization.mdx"
2025-11-30T21:40:41.129757Z  INFO scan_sources: tailwindcss_oxide::scanner: Discovering "/home/dioney/Documentos/bet/frontBet/docs/lib-migration.md"
2025-11-30T21:40:41.129800Z  INFO scan_sources: tailwindcss_oxide::scanner: Discovering "/home/dioney/Documentos/bet/frontBet/docs/backend-integration-migration-plan.mdx"
2025-11-30T21:40:41.129829Z  INFO scan_sources: tailwindcss_oxide::scanner: Discovering "/home/dioney/Documentos/bet/frontBet/docs/architecture.mdx"
2025-11-30T21:40:41.129857Z  INFO scan_sources: tailwindcss_oxide::scanner: Discovering "/home/dioney/Documentos/bet/frontBet/docs/overview.mdx"
2025-11-30T21:40:41.129894Z  INFO scan_sources: tailwindcss_oxide::scanner: Discovering "/home/dioney/Documentos/bet/frontBet/docs/modularidade.mdx"
2025-11-30T21:40:41.129939Z  INFO scan_sources: tailwindcss_oxide::scanner: Discovering "/home/dioney/Documentos/bet/frontBet/vitest.setup.ts"
2025-11-30T21:40:41.129977Z  INFO scan_sources: tailwindcss_oxide::scanner: Discovering "/home/dioney/Documentos/bet/frontBet/.lintstagedrc.json"
2025-11-30T21:40:41.130093Z  INFO scan_sources: tailwindcss_oxide::scanner: Discovering "/home/dioney/Documentos/bet/frontBet/tsconfig.json"
2025-11-30T21:40:41.130144Z  INFO scan_sources: tailwindcss_oxide::scanner: Discovering "/home/dioney/Documentos/bet/frontBet/package.json"
2025-11-30T21:40:41.130175Z  INFO scan_sources: tailwindcss_oxide::scanner: Discovering "/home/dioney/Documentos/bet/frontBet/.dockerignore"
2025-11-30T21:40:41.130285Z  INFO scan_sources: tailwindcss_oxide::scanner: Discovering "/home/dioney/Documentos/bet/frontBet/eslint.config.js"
2025-11-30T21:40:41.130320Z  INFO scan_sources: tailwindcss_oxide::scanner: Discovering "/home/dioney/Documentos/bet/frontBet/.eslintrc.json"
2025-11-30T21:40:41.130355Z  INFO scan_sources: tailwindcss_oxide::scanner: Discovering "/home/dioney/Documentos/bet/frontBet/.github"
2025-11-30T21:40:41.130414Z  INFO scan_sources: tailwindcss_oxide::scanner: Discovering "/home/dioney/Documentos/bet/frontBet/.github/workflows"
2025-11-30T21:40:41.130474Z  INFO scan_sources: tailwindcss_oxide::scanner: Discovering "/home/dioney/Documentos/bet/frontBet/.github/workflows/ci.yml"
2025-11-30T21:40:41.130529Z  INFO scan_sources: tailwindcss_oxide::scanner: Discovering "/home/dioney/Documentos/bet/frontBet/.env.example"
2025-11-30T21:40:41.130567Z  INFO scan_sources: tailwindcss_oxide::scanner: Discovering "/home/dioney/Documentos/bet/frontBet/public"
2025-11-30T21:40:41.130647Z  INFO scan_sources: tailwindcss_oxide::scanner: Discovering "/home/dioney/Documentos/bet/frontBet/.prettierrc"
2025-11-30T21:40:41.130722Z  INFO scan_sources: tailwindcss_oxide::scanner: Discovering "/home/dioney/Documentos/bet/frontBet/app"
2025-11-30T21:40:41.130787Z  INFO scan_sources: tailwindcss_oxide::scanner: Discovering "/home/dioney/Documentos/bet/frontBet/app/hooks"
2025-11-30T21:40:41.130845Z  INFO scan_sources: tailwindcss_oxide::scanner: Discovering "/home/dioney/Documentos/bet/frontBet/app/hooks/useGameStats.ts"
2025-11-30T21:40:41.130888Z  INFO scan_sources: tailwindcss_oxide::scanner: Discovering "/home/dioney/Documentos/bet/frontBet/app/hooks/__teste__"
2025-11-30T21:40:41.130948Z  INFO scan_sources: tailwindcss_oxide::scanner: Discovering "/home/dioney/Documentos/bet/frontBet/app/hooks/__teste__/useGameLoader.test.tsx"
2025-11-30T21:40:41.130992Z  INFO scan_sources: tailwindcss_oxide::scanner: Discovering "/home/dioney/Documentos/bet/frontBet/app/hooks/__teste__/useGameStats.test.ts"
2025-11-30T21:40:41.131031Z  INFO scan_sources: tailwindcss_oxide::scanner: Discovering "/home/dioney/Documentos/bet/frontBet/app/hooks/useWallet.tsx"
2025-11-30T21:40:41.131057Z  INFO scan_sources: tailwindcss_oxide::scanner: Discovering "/home/dioney/Documentos/bet/frontBet/app/hooks/useGameLoader.ts"
2025-11-30T21:40:41.131087Z  INFO scan_sources: tailwindcss_oxide::scanner: Discovering "/home/dioney/Documentos/bet/frontBet/app/hooks/useGames.ts"
2025-11-30T21:40:41.131126Z  INFO scan_sources: tailwindcss_oxide::scanner: Discovering "/home/dioney/Documentos/bet/frontBet/app/routes.ts"
2025-11-30T21:40:41.131165Z  INFO scan_sources: tailwindcss_oxide::scanner: Discovering "/home/dioney/Documentos/bet/frontBet/app/lib"
2025-11-30T21:40:41.131233Z  INFO scan_sources: tailwindcss_oxide::scanner: Discovering "/home/dioney/Documentos/bet/frontBet/app/lib/schemas"
2025-11-30T21:40:41.131290Z  INFO scan_sources: tailwindcss_oxide::scanner: Discovering "/home/dioney/Documentos/bet/frontBet/app/lib/schemas/generated-schemas.ts"
2025-11-30T21:40:41.131327Z  INFO scan_sources: tailwindcss_oxide::scanner: Discovering "/home/dioney/Documentos/bet/frontBet/app/lib/backend-check.tsx"
2025-11-30T21:40:41.131363Z  INFO scan_sources: tailwindcss_oxide::scanner: Discovering "/home/dioney/Documentos/bet/frontBet/app/lib/api"
2025-11-30T21:40:41.131427Z  INFO scan_sources: tailwindcss_oxide::scanner: Discovering "/home/dioney/Documentos/bet/frontBet/app/lib/api/schemas"
2025-11-30T21:40:41.131484Z  INFO scan_sources: tailwindcss_oxide::scanner: Discovering "/home/dioney/Documentos/bet/frontBet/app/lib/api/schemas/generated-schemas.ts"
2025-11-30T21:40:41.131518Z  INFO scan_sources: tailwindcss_oxide::scanner: Discovering "/home/dioney/Documentos/bet/frontBet/app/lib/api/rest.ts"
2025-11-30T21:40:41.131555Z  INFO scan_sources: tailwindcss_oxide::scanner: Discovering "/home/dioney/Documentos/bet/frontBet/app/lib/api/clients"
2025-11-30T21:40:41.133676Z  INFO scan_sources: tailwindcss_oxide::scanner: Discovering "/home/dioney/Documentos/bet/frontBet/app/lib/api/clients/events.ts"
2025-11-30T21:40:41.133989Z  INFO scan_sources: tailwindcss_oxide::scanner: Discovering "/home/dioney/Documentos/bet/frontBet/app/lib/api/clients/odds.ts"
2025-11-30T21:40:41.134214Z  INFO scan_sources: tailwindcss_oxide::scanner: Discovering "/home/dioney/Documentos/bet/frontBet/app/lib/api/clients/admin.ts"
2025-11-30T21:40:41.134390Z  INFO scan_sources: tailwindcss_oxide::scanner: Discovering "/home/dioney/Documentos/bet/frontBet/app/lib/api/clients/markets.ts"
2025-11-30T21:40:41.134568Z  INFO scan_sources: tailwindcss_oxide::scanner: Discovering "/home/dioney/Documentos/bet/frontBet/app/lib/api/clients/wallet.ts"
2025-11-30T21:40:41.134806Z  INFO scan_sources: tailwindcss_oxide::scanner: Discovering "/home/dioney/Documentos/bet/frontBet/app/lib/api/clients/games.ts"
2025-11-30T21:40:41.134940Z  INFO scan_sources: tailwindcss_oxide::scanner: Discovering "/home/dioney/Documentos/bet/frontBet/app/lib/api/clients/transactions.ts"
2025-11-30T21:40:41.135109Z  INFO scan_sources: tailwindcss_oxide::scanner: Discovering "/home/dioney/Documentos/bet/frontBet/app/lib/api/clients/users.ts"
2025-11-30T21:40:41.135280Z  INFO scan_sources: tailwindcss_oxide::scanner: Discovering "/home/dioney/Documentos/bet/frontBet/app/lib/api/clients/auth.ts"
2025-11-30T21:40:41.135433Z  INFO scan_sources: tailwindcss_oxide::scanner: Discovering "/home/dioney/Documentos/bet/frontBet/app/lib/api/clients/reports.ts"
2025-11-30T21:40:41.135619Z  INFO scan_sources: tailwindcss_oxide::scanner: Discovering "/home/dioney/Documentos/bet/frontBet/app/lib/api/clients/bets.ts"
2025-11-30T21:40:41.135753Z  INFO scan_sources: tailwindcss_oxide::scanner: Discovering "/home/dioney/Documentos/bet/frontBet/app/lib/api/index.ts"
2025-11-30T21:40:41.135791Z  INFO scan_sources: tailwindcss_oxide::scanner: Discovering "/home/dioney/Documentos/bet/frontBet/app/lib/config.test.ts"
2025-11-30T21:40:41.135829Z  INFO scan_sources: tailwindcss_oxide::scanner: Discovering "/home/dioney/Documentos/bet/frontBet/app/lib/error.ts"
2025-11-30T21:40:41.135867Z  INFO scan_sources: tailwindcss_oxide::scanner: Discovering "/home/dioney/Documentos/bet/frontBet/app/lib/api-client"
2025-11-30T21:40:41.135933Z  INFO scan_sources: tailwindcss_oxide::scanner: Discovering "/home/dioney/Documentos/bet/frontBet/app/lib/api-client/types.ts"
2025-11-30T21:40:41.135974Z  INFO scan_sources: tailwindcss_oxide::scanner: Discovering "/home/dioney/Documentos/bet/frontBet/app/lib/__tests__"
2025-11-30T21:40:41.136029Z  INFO scan_sources: tailwindcss_oxide::scanner: Discovering "/home/dioney/Documentos/bet/frontBet/app/lib/__tests__/cn.test.ts"
2025-11-30T21:40:41.136060Z  INFO scan_sources: tailwindcss_oxide::scanner: Discovering "/home/dioney/Documentos/bet/frontBet/app/lib/token.ts"
2025-11-30T21:40:41.136084Z  INFO scan_sources: tailwindcss_oxide::scanner: Discovering "/home/dioney/Documentos/bet/frontBet/app/lib/config.ts"
2025-11-30T21:40:41.136112Z  INFO scan_sources: tailwindcss_oxide::scanner: Discovering "/home/dioney/Documentos/bet/frontBet/app/lib/auth.ts"
2025-11-30T21:40:41.136148Z  INFO scan_sources: tailwindcss_oxide::scanner: Discovering "/home/dioney/Documentos/bet/frontBet/app/lib/cn.ts"
2025-11-30T21:40:41.136178Z  INFO scan_sources: tailwindcss_oxide::scanner: Discovering "/home/dioney/Documentos/bet/frontBet/app/lib/index.ts"
2025-11-30T21:40:41.136220Z  INFO scan_sources: tailwindcss_oxide::scanner: Discovering "/home/dioney/Documentos/bet/frontBet/app/utils"
2025-11-30T21:40:41.136272Z  INFO scan_sources: tailwindcss_oxide::scanner: Discovering "/home/dioney/Documentos/bet/frontBet/app/utils/auth.server.ts"
2025-11-30T21:40:41.136312Z  INFO scan_sources: tailwindcss_oxide::scanner: Discovering "/home/dioney/Documentos/bet/frontBet/app/data"
2025-11-30T21:40:41.136364Z  INFO scan_sources: tailwindcss_oxide::scanner: Discovering "/home/dioney/Documentos/bet/frontBet/app/data/game-registry.ts"
2025-11-30T21:40:41.136397Z  INFO scan_sources: tailwindcss_oxide::scanner: Discovering "/home/dioney/Documentos/bet/frontBet/app/data/__teste__"
2025-11-30T21:40:41.136450Z  INFO scan_sources: tailwindcss_oxide::scanner: Discovering "/home/dioney/Documentos/bet/frontBet/app/data/__teste__/game-registry.test.ts"
2025-11-30T21:40:41.136493Z  INFO scan_sources: tailwindcss_oxide::scanner: Discovering "/home/dioney/Documentos/bet/frontBet/app/games"
2025-11-30T21:40:41.136545Z  INFO scan_sources: tailwindcss_oxide::scanner: Discovering "/home/dioney/Documentos/bet/frontBet/app/games/odds-heatmap.tsx"
2025-11-30T21:40:41.136574Z  INFO scan_sources: tailwindcss_oxide::scanner: Discovering "/home/dioney/Documentos/bet/frontBet/app/games/penalty-analytics.tsx"
2025-11-30T21:40:41.136600Z  INFO scan_sources: tailwindcss_oxide::scanner: Discovering "/home/dioney/Documentos/bet/frontBet/app/games/live-match-monitor.tsx"
2025-11-30T21:40:41.136633Z  INFO scan_sources: tailwindcss_oxide::scanner: Discovering "/home/dioney/Documentos/bet/frontBet/app/games/__teste__"
2025-11-30T21:40:41.136687Z  INFO scan_sources: tailwindcss_oxide::scanner: Discovering "/home/dioney/Documentos/bet/frontBet/app/games/__teste__/live-match-monitor.test.tsx"
2025-11-30T21:40:41.136714Z  INFO scan_sources: tailwindcss_oxide::scanner: Discovering "/home/dioney/Documentos/bet/frontBet/app/games/__teste__/odds-heatmap.test.tsx"
2025-11-30T21:40:41.136753Z  INFO scan_sources: tailwindcss_oxide::scanner: Discovering "/home/dioney/Documentos/bet/frontBet/app/games/__teste__/penalty-analytics.test.tsx"
2025-11-30T21:40:41.136795Z  INFO scan_sources: tailwindcss_oxide::scanner: Discovering "/home/dioney/Documentos/bet/frontBet/app/types"
2025-11-30T21:40:41.136847Z  INFO scan_sources: tailwindcss_oxide::scanner: Discovering "/home/dioney/Documentos/bet/frontBet/app/types/theme.ts"
2025-11-30T21:40:41.136876Z  INFO scan_sources: tailwindcss_oxide::scanner: Discovering "/home/dioney/Documentos/bet/frontBet/app/types/i18n.ts"
2025-11-30T21:40:41.136911Z  INFO scan_sources: tailwindcss_oxide::scanner: Discovering "/home/dioney/Documentos/bet/frontBet/app/types/ui.ts"
2025-11-30T21:40:41.136937Z  INFO scan_sources: tailwindcss_oxide::scanner: Discovering "/home/dioney/Documentos/bet/frontBet/app/types/animation.ts"
2025-11-30T21:40:41.136963Z  INFO scan_sources: tailwindcss_oxide::scanner: Discovering "/home/dioney/Documentos/bet/frontBet/app/types/wallet.ts"
2025-11-30T21:40:41.136989Z  INFO scan_sources: tailwindcss_oxide::scanner: Discovering "/home/dioney/Documentos/bet/frontBet/app/types/games.ts"
2025-11-30T21:40:41.137026Z  INFO scan_sources: tailwindcss_oxide::scanner: Discovering "/home/dioney/Documentos/bet/frontBet/app/__tests__"
2025-11-30T21:40:41.137087Z  INFO scan_sources: tailwindcss_oxide::scanner: Discovering "/home/dioney/Documentos/bet/frontBet/app/__tests__/integration"
2025-11-30T21:40:41.137166Z  INFO scan_sources: tailwindcss_oxide::scanner: Discovering "/home/dioney/Documentos/bet/frontBet/app/__tests__/integration/auth.refresh.integration.test.ts"
2025-11-30T21:40:41.137203Z  INFO scan_sources: tailwindcss_oxide::scanner: Discovering "/home/dioney/Documentos/bet/frontBet/app/__tests__/integration/auth.refresh-fail.integration.test.ts"
2025-11-30T21:40:41.137234Z  INFO scan_sources: tailwindcss_oxide::scanner: Discovering "/home/dioney/Documentos/bet/frontBet/app/__tests__/integration/auth.integration.test.ts"
2025-11-30T21:40:41.137282Z  INFO scan_sources: tailwindcss_oxide::scanner: Discovering "/home/dioney/Documentos/bet/frontBet/app/theme"
2025-11-30T21:40:41.137337Z  INFO scan_sources: tailwindcss_oxide::scanner: Discovering "/home/dioney/Documentos/bet/frontBet/app/theme/theme-provider.tsx"
2025-11-30T21:40:41.137374Z  INFO scan_sources: tailwindcss_oxide::scanner: Discovering "/home/dioney/Documentos/bet/frontBet/app/theme/__teste__"
2025-11-30T21:40:41.137431Z  INFO scan_sources: tailwindcss_oxide::scanner: Discovering "/home/dioney/Documentos/bet/frontBet/app/theme/__teste__/theme-switcher.test.tsx"
2025-11-30T21:40:41.137468Z  INFO scan_sources: tailwindcss_oxide::scanner: Discovering "/home/dioney/Documentos/bet/frontBet/app/theme/theme-switcher.tsx"
2025-11-30T21:40:41.137508Z  INFO scan_sources: tailwindcss_oxide::scanner: Discovering "/home/dioney/Documentos/bet/frontBet/app/styles"
2025-11-30T21:40:41.137562Z  INFO scan_sources: tailwindcss_oxide::scanner: Discovering "/home/dioney/Documentos/bet/frontBet/app/styles/tokens.css"
2025-11-30T21:40:41.137603Z  INFO scan_sources: tailwindcss_oxide::scanner: Discovering "/home/dioney/Documentos/bet/frontBet/app/routes"
2025-11-30T21:40:41.137658Z  INFO scan_sources: tailwindcss_oxide::scanner: Discovering "/home/dioney/Documentos/bet/frontBet/app/routes/games.tsx"
2025-11-30T21:40:41.137686Z  INFO scan_sources: tailwindcss_oxide::scanner: Discovering "/home/dioney/Documentos/bet/frontBet/app/routes/contato.tsx"
2025-11-30T21:40:41.137719Z  INFO scan_sources: tailwindcss_oxide::scanner: Discovering "/home/dioney/Documentos/bet/frontBet/app/routes/jogos.tsx"
2025-11-30T21:40:41.137744Z  INFO scan_sources: tailwindcss_oxide::scanner: Discovering "/home/dioney/Documentos/bet/frontBet/app/routes/carteira.tsx"
2025-11-30T21:40:41.137777Z  INFO scan_sources: tailwindcss_oxide::scanner: Discovering "/home/dioney/Documentos/bet/frontBet/app/routes/perfil.atividade.tsx"
2025-11-30T21:40:41.137804Z  INFO scan_sources: tailwindcss_oxide::scanner: Discovering "/home/dioney/Documentos/bet/frontBet/app/routes/games.$slug.tsx"
2025-11-30T21:40:41.137832Z  INFO scan_sources: tailwindcss_oxide::scanner: Discovering "/home/dioney/Documentos/bet/frontBet/app/routes/loja.tsx"
2025-11-30T21:40:41.137858Z  INFO scan_sources: tailwindcss_oxide::scanner: Discovering "/home/dioney/Documentos/bet/frontBet/app/routes/perfil.tsx"
2025-11-30T21:40:41.137885Z  INFO scan_sources: tailwindcss_oxide::scanner: Discovering "/home/dioney/Documentos/bet/frontBet/app/routes/auditoria.tsx"
2025-11-30T21:40:41.137910Z  INFO scan_sources: tailwindcss_oxide::scanner: Discovering "/home/dioney/Documentos/bet/frontBet/app/routes/sobre.tsx"
2025-11-30T21:40:41.137941Z  INFO scan_sources: tailwindcss_oxide::scanner: Discovering "/home/dioney/Documentos/bet/frontBet/app/routes/home.tsx"
2025-11-30T21:40:41.137970Z  INFO scan_sources: tailwindcss_oxide::scanner: Discovering "/home/dioney/Documentos/bet/frontBet/app/routes/login.tsx"
2025-11-30T21:40:41.138008Z  INFO scan_sources: tailwindcss_oxide::scanner: Discovering "/home/dioney/Documentos/bet/frontBet/app/i18n"
2025-11-30T21:40:41.138068Z  INFO scan_sources: tailwindcss_oxide::scanner: Discovering "/home/dioney/Documentos/bet/frontBet/app/i18n/locales"
2025-11-30T21:40:41.139788Z  INFO scan_sources: tailwindcss_oxide::scanner: Discovering "/home/dioney/Documentos/bet/frontBet/app/i18n/locales/es.json"
2025-11-30T21:40:41.140096Z  INFO scan_sources: tailwindcss_oxide::scanner: Discovering "/home/dioney/Documentos/bet/frontBet/app/i18n/locales/en.json"
2025-11-30T21:40:41.140238Z  INFO scan_sources: tailwindcss_oxide::scanner: Discovering "/home/dioney/Documentos/bet/frontBet/app/i18n/locales/ptmz.json"
2025-11-30T21:40:41.140369Z  INFO scan_sources: tailwindcss_oxide::scanner: Discovering "/home/dioney/Documentos/bet/frontBet/app/i18n/locales/ptbr.json"
2025-11-30T21:40:41.140510Z  INFO scan_sources: tailwindcss_oxide::scanner: Discovering "/home/dioney/Documentos/bet/frontBet/app/i18n/page-copy.ts"
2025-11-30T21:40:41.140659Z  INFO scan_sources: tailwindcss_oxide::scanner: Discovering "/home/dioney/Documentos/bet/frontBet/app/i18n/i18n-provider.tsx"
2025-11-30T21:40:41.140787Z  INFO scan_sources: tailwindcss_oxide::scanner: Discovering "/home/dioney/Documentos/bet/frontBet/app/i18n/config.ts"
2025-11-30T21:40:41.140941Z  INFO scan_sources: tailwindcss_oxide::scanner: Discovering "/home/dioney/Documentos/bet/frontBet/app/i18n/language-switcher.tsx"
2025-11-30T21:40:41.141104Z  INFO scan_sources: tailwindcss_oxide::scanner: Discovering "/home/dioney/Documentos/bet/frontBet/app/components"
2025-11-30T21:40:41.141353Z  INFO scan_sources: tailwindcss_oxide::scanner: Discovering "/home/dioney/Documentos/bet/frontBet/app/components/ToastProvider.tsx"
2025-11-30T21:40:41.141515Z  INFO scan_sources: tailwindcss_oxide::scanner: Discovering "/home/dioney/Documentos/bet/frontBet/app/components/__teste__"
2025-11-30T21:40:41.141702Z  INFO scan_sources: tailwindcss_oxide::scanner: Discovering "/home/dioney/Documentos/bet/frontBet/app/components/__teste__/site-header.test.tsx"
2025-11-30T21:40:41.141838Z  INFO scan_sources: tailwindcss_oxide::scanner: Discovering "/home/dioney/Documentos/bet/frontBet/app/components/__teste__/site-footer.test.tsx"
2025-11-30T21:40:41.141955Z  INFO scan_sources: tailwindcss_oxide::scanner: Discovering "/home/dioney/Documentos/bet/frontBet/app/components/__teste__/clerk-signout.test.tsx"
2025-11-30T21:40:41.142098Z  INFO scan_sources: tailwindcss_oxide::scanner: Discovering "/home/dioney/Documentos/bet/frontBet/app/components/__teste__/page-shell.test.tsx"
2025-11-30T21:40:41.142253Z  INFO scan_sources: tailwindcss_oxide::scanner: Discovering "/home/dioney/Documentos/bet/frontBet/app/components/__teste__/clerk-token-registrar.test.tsx"
2025-11-30T21:40:41.142402Z  INFO scan_sources: tailwindcss_oxide::scanner: Discovering "/home/dioney/Documentos/bet/frontBet/app/components/__teste__/site-sidebar.test.tsx"
2025-11-30T21:40:41.142591Z  INFO scan_sources: tailwindcss_oxide::scanner: Discovering "/home/dioney/Documentos/bet/frontBet/app/components/page-shell.tsx"
2025-11-30T21:40:41.142691Z  INFO scan_sources: tailwindcss_oxide::scanner: Discovering "/home/dioney/Documentos/bet/frontBet/app/components/animation"
2025-11-30T21:40:41.142802Z  INFO scan_sources: tailwindcss_oxide::scanner: Discovering "/home/dioney/Documentos/bet/frontBet/app/components/animation/motion-presets.tsx"
2025-11-30T21:40:41.142847Z  INFO scan_sources: tailwindcss_oxide::scanner: Discovering "/home/dioney/Documentos/bet/frontBet/app/components/animation/index.ts"
2025-11-30T21:40:41.142897Z  INFO scan_sources: tailwindcss_oxide::scanner: Discovering "/home/dioney/Documentos/bet/frontBet/app/components/site-footer.tsx"
2025-11-30T21:40:41.142946Z  INFO scan_sources: tailwindcss_oxide::scanner: Discovering "/home/dioney/Documentos/bet/frontBet/app/components/site-header.tsx"
2025-11-30T21:40:41.142977Z  INFO scan_sources: tailwindcss_oxide::scanner: Discovering "/home/dioney/Documentos/bet/frontBet/app/components/site-sidebar.tsx"
2025-11-30T21:40:41.143006Z  INFO scan_sources: tailwindcss_oxide::scanner: Discovering "/home/dioney/Documentos/bet/frontBet/app/components/clerk-token-registrar.tsx"
2025-11-30T21:40:41.143050Z  INFO scan_sources: tailwindcss_oxide::scanner: Discovering "/home/dioney/Documentos/bet/frontBet/app/components/ui"
2025-11-30T21:40:41.143114Z  INFO scan_sources: tailwindcss_oxide::scanner: Discovering "/home/dioney/Documentos/bet/frontBet/app/components/ui/card.tsx"
2025-11-30T21:40:41.143167Z  INFO scan_sources: tailwindcss_oxide::scanner: Discovering "/home/dioney/Documentos/bet/frontBet/app/components/ui/modal.tsx"
2025-11-30T21:40:41.143198Z  INFO scan_sources: tailwindcss_oxide::scanner: Discovering "/home/dioney/Documentos/bet/frontBet/app/components/ui/input.tsx"
2025-11-30T21:40:41.143224Z  INFO scan_sources: tailwindcss_oxide::scanner: Discovering "/home/dioney/Documentos/bet/frontBet/app/components/ui/toggle.tsx"
2025-11-30T21:40:41.143263Z  INFO scan_sources: tailwindcss_oxide::scanner: Discovering "/home/dioney/Documentos/bet/frontBet/app/components/ui/button.tsx"
2025-11-30T21:40:41.143396Z  INFO scan_sources: tailwindcss_oxide::scanner: Discovering "/home/dioney/Documentos/bet/frontBet/app/app.css"
2025-11-30T21:40:41.143425Z  INFO scan_sources: tailwindcss_oxide::scanner: Discovering "/home/dioney/Documentos/bet/frontBet/app/root.tsx"
2025-11-30T21:40:41.143464Z  INFO scan_sources: tailwindcss_oxide::scanner: Discovering "/home/dioney/Documentos/bet/frontBet/app/stores"
2025-11-30T21:40:41.143534Z  INFO scan_sources: tailwindcss_oxide::scanner: Discovering "/home/dioney/Documentos/bet/frontBet/app/stores/useWalletStore.ts"
2025-11-30T21:40:41.143614Z  INFO scan_sources: tailwindcss_oxide::scanner: Discovering "/home/dioney/Documentos/bet/frontBet/userTestClerk.txt"
2025-11-30T21:40:41.143648Z  INFO scan_sources: tailwindcss_oxide::scanner: Discovering "/home/dioney/Documentos/bet/frontBet/vite.config.ts"
2025-11-30T21:40:41.143675Z  INFO scan_sources: tailwindcss_oxide::scanner: Discovering "/home/dioney/Documentos/bet/frontBet/README.md"
2025-11-30T21:40:41.143705Z  INFO scan_sources: tailwindcss_oxide::scanner: Discovering "/home/dioney/Documentos/bet/frontBet/react-router.config.ts"
2025-11-30T21:40:41.143740Z  INFO scan_sources: tailwindcss_oxide::scanner: Discovering "/home/dioney/Documentos/bet/frontBet/scripts"
2025-11-30T21:40:41.143819Z  INFO scan_sources: tailwindcss_oxide::scanner: Discovering "/home/dioney/Documentos/bet/frontBet/scripts/debug-msw.js"
2025-11-30T21:40:41.143852Z  INFO scan_sources: tailwindcss_oxide::scanner: Discovering "/home/dioney/Documentos/bet/frontBet/scripts/generate-zod-schemas.ts"
2025-11-30T21:40:41.143879Z  INFO scan_sources: tailwindcss_oxide::scanner: Discovering "/home/dioney/Documentos/bet/frontBet/scripts/export-translations.ts"
2025-11-30T21:40:41.143906Z  INFO scan_sources: tailwindcss_oxide::scanner: Discovering "/home/dioney/Documentos/bet/frontBet/scripts/check-backend.js"
2025-11-30T21:40:41.143950Z  INFO scan_sources: tailwindcss_oxide::scanner: Discovering "/home/dioney/Documentos/bet/frontBet/tests"
2025-11-30T21:40:41.144016Z  INFO scan_sources: tailwindcss_oxide::scanner: Discovering "/home/dioney/Documentos/bet/frontBet/tests/integration"
2025-11-30T21:40:41.144086Z  INFO scan_sources: tailwindcss_oxide::scanner: Discovering "/home/dioney/Documentos/bet/frontBet/tests/integration/auth.refresh.integration.test.ts"
2025-11-30T21:40:41.144141Z  INFO scan_sources: tailwindcss_oxide::scanner: Discovering "/home/dioney/Documentos/bet/frontBet/tests/integration/wallet.integration.test.tsx"
2025-11-30T21:40:41.144178Z  INFO scan_sources: tailwindcss_oxide::scanner: Discovering "/home/dioney/Documentos/bet/frontBet/tests/integration/auth.refresh-fail.integration.test.ts"
2025-11-30T21:40:41.144222Z  INFO scan_sources: tailwindcss_oxide::scanner: Discovering "/home/dioney/Documentos/bet/frontBet/tests/integration/auth.integration.test.ts"
2025-11-30T21:40:41.144299Z  INFO scan_sources: tailwindcss_oxide::scanner: exit
2025-11-30T21:40:41.144314Z  INFO extract_candidates: tailwindcss_oxide::scanner: enter
2025-11-30T21:40:41.144334Z  INFO extract_candidates:read_all_files: tailwindcss_oxide::scanner: enter
2025-11-30T21:40:41.144341Z  INFO extract_candidates:read_all_files: tailwindcss_oxide::scanner: Reading 122 file(s)
2025-11-30T21:40:41.145533Z  INFO tailwindcss_oxide::scanner: Reading "/home/dioney/Documentos/bet/frontBet/app/types/wallet.ts"
2025-11-30T21:40:41.145593Z  INFO tailwindcss_oxide::scanner: Reading "/home/dioney/Documentos/bet/frontBet/app/lib/api/clients/markets.ts"
2025-11-30T21:40:41.145660Z  INFO tailwindcss_oxide::scanner: Reading "/home/dioney/Documentos/bet/frontBet/app/lib/api/clients/wallet.ts"
2025-11-30T21:40:41.145682Z  INFO tailwindcss_oxide::scanner: Reading "/home/dioney/Documentos/bet/frontBet/app/lib/api/clients/games.ts"
2025-11-30T21:40:41.145713Z  INFO tailwindcss_oxide::scanner: Reading "/home/dioney/Documentos/bet/frontBet/app/lib/api/clients/transactions.ts"
2025-11-30T21:40:41.145738Z  INFO tailwindcss_oxide::scanner: Reading "/home/dioney/Documentos/bet/frontBet/app/lib/api/clients/users.ts"
2025-11-30T21:40:41.145766Z  INFO tailwindcss_oxide::scanner: Reading "/home/dioney/Documentos/bet/frontBet/app/lib/api/clients/auth.ts"
2025-11-30T21:40:41.145787Z  INFO tailwindcss_oxide::scanner: Reading "/home/dioney/Documentos/bet/frontBet/app/lib/api/clients/reports.ts"
2025-11-30T21:40:41.145815Z  INFO tailwindcss_oxide::scanner: Reading "/home/dioney/Documentos/bet/frontBet/app/lib/api/clients/bets.ts"
2025-11-30T21:40:41.145841Z  INFO tailwindcss_oxide::scanner: Reading "/home/dioney/Documentos/bet/frontBet/app/lib/api/index.ts"
2025-11-30T21:40:41.145869Z  INFO tailwindcss_oxide::scanner: Reading "/home/dioney/Documentos/bet/frontBet/app/lib/config.test.ts"
2025-11-30T21:40:41.145902Z  INFO tailwindcss_oxide::scanner: Reading "/home/dioney/Documentos/bet/frontBet/app/lib/error.ts"
2025-11-30T21:40:41.145950Z  INFO tailwindcss_oxide::scanner: Reading "/home/dioney/Documentos/bet/frontBet/app/lib/api-client/types.ts"
2025-11-30T21:40:41.146005Z  INFO tailwindcss_oxide::scanner: Reading "/home/dioney/Documentos/bet/frontBet/app/lib/__tests__/cn.test.ts"
2025-11-30T21:40:41.146032Z  INFO tailwindcss_oxide::scanner: Reading "/home/dioney/Documentos/bet/frontBet/app/lib/token.ts"
2025-11-30T21:40:41.146057Z  INFO tailwindcss_oxide::scanner: Reading "/home/dioney/Documentos/bet/frontBet/app/lib/config.ts"
2025-11-30T21:40:41.146080Z  INFO tailwindcss_oxide::scanner: Reading "/home/dioney/Documentos/bet/frontBet/app/lib/auth.ts"
2025-11-30T21:40:41.146103Z  INFO tailwindcss_oxide::scanner: Reading "/home/dioney/Documentos/bet/frontBet/app/lib/cn.ts"
2025-11-30T21:40:41.146142Z  INFO tailwindcss_oxide::scanner: Reading "/home/dioney/Documentos/bet/frontBet/app/lib/index.ts"
2025-11-30T21:40:41.146166Z  INFO tailwindcss_oxide::scanner: Reading "/home/dioney/Documentos/bet/frontBet/app/utils/auth.server.ts"
2025-11-30T21:40:41.146189Z  INFO tailwindcss_oxide::scanner: Reading "/home/dioney/Documentos/bet/frontBet/app/data/game-registry.ts"
2025-11-30T21:40:41.146214Z  INFO tailwindcss_oxide::scanner: Reading "/home/dioney/Documentos/bet/frontBet/app/data/__teste__/game-registry.test.ts"
2025-11-30T21:40:41.146237Z  INFO tailwindcss_oxide::scanner: Reading "/home/dioney/Documentos/bet/frontBet/app/games/odds-heatmap.tsx"
2025-11-30T21:40:41.146260Z  INFO tailwindcss_oxide::scanner: Reading "/home/dioney/Documentos/bet/frontBet/app/games/penalty-analytics.tsx"
2025-11-30T21:40:41.146285Z  INFO tailwindcss_oxide::scanner: Reading "/home/dioney/Documentos/bet/frontBet/app/games/live-match-monitor.tsx"
2025-11-30T21:40:41.146310Z  INFO tailwindcss_oxide::scanner: Reading "/home/dioney/Documentos/bet/frontBet/app/games/__teste__/live-match-monitor.test.tsx"
2025-11-30T21:40:41.146351Z  INFO tailwindcss_oxide::scanner: Reading "/home/dioney/Documentos/bet/frontBet/app/games/__teste__/odds-heatmap.test.tsx"
2025-11-30T21:40:41.146377Z  INFO tailwindcss_oxide::scanner: Reading "/home/dioney/Documentos/bet/frontBet/app/games/__teste__/penalty-analytics.test.tsx"
2025-11-30T21:40:41.146401Z  INFO tailwindcss_oxide::scanner: Reading "/home/dioney/Documentos/bet/frontBet/app/types/theme.ts"
2025-11-30T21:40:41.146425Z  INFO tailwindcss_oxide::scanner: Reading "/home/dioney/Documentos/bet/frontBet/app/types/i18n.ts"
2025-11-30T21:40:41.146446Z  INFO tailwindcss_oxide::scanner: Reading "/home/dioney/Documentos/bet/frontBet/app/types/ui.ts"
2025-11-30T21:40:41.146467Z  INFO tailwindcss_oxide::scanner: Reading "/home/dioney/Documentos/bet/frontBet/app/types/animation.ts"
2025-11-30T21:40:41.146496Z  INFO tailwindcss_oxide::scanner: Reading "/home/dioney/Documentos/bet/frontBet/app/components/__teste__/site-footer.test.tsx"
2025-11-30T21:40:41.146534Z  INFO tailwindcss_oxide::scanner: Reading "/home/dioney/Documentos/bet/frontBet/app/components/__teste__/clerk-signout.test.tsx"
2025-11-30T21:40:41.146557Z  INFO tailwindcss_oxide::scanner: Reading "/home/dioney/Documentos/bet/frontBet/app/components/__teste__/page-shell.test.tsx"
2025-11-30T21:40:41.146580Z  INFO tailwindcss_oxide::scanner: Reading "/home/dioney/Documentos/bet/frontBet/app/components/__teste__/clerk-token-registrar.test.tsx"
2025-11-30T21:40:41.146605Z  INFO tailwindcss_oxide::scanner: Reading "/home/dioney/Documentos/bet/frontBet/app/components/__teste__/site-sidebar.test.tsx"
2025-11-30T21:40:41.146628Z  INFO tailwindcss_oxide::scanner: Reading "/home/dioney/Documentos/bet/frontBet/app/components/page-shell.tsx"
2025-11-30T21:40:41.146649Z  INFO tailwindcss_oxide::scanner: Reading "/home/dioney/Documentos/bet/frontBet/app/components/animation/motion-presets.tsx"
2025-11-30T21:40:41.146673Z  INFO tailwindcss_oxide::scanner: Reading "/home/dioney/Documentos/bet/frontBet/app/components/animation/index.ts"
2025-11-30T21:40:41.146694Z  INFO tailwindcss_oxide::scanner: Reading "/home/dioney/Documentos/bet/frontBet/app/components/site-footer.tsx"
2025-11-30T21:40:41.146722Z  INFO tailwindcss_oxide::scanner: Reading "/home/dioney/Documentos/bet/frontBet/app/components/site-header.tsx"
2025-11-30T21:40:41.146751Z  INFO tailwindcss_oxide::scanner: Reading "/home/dioney/Documentos/bet/frontBet/app/components/site-sidebar.tsx"
2025-11-30T21:40:41.146782Z  INFO tailwindcss_oxide::scanner: Reading "/home/dioney/Documentos/bet/frontBet/app/components/clerk-token-registrar.tsx"
2025-11-30T21:40:41.146810Z  INFO tailwindcss_oxide::scanner: Reading "/home/dioney/Documentos/bet/frontBet/app/components/ui/card.tsx"
2025-11-30T21:40:41.146833Z  INFO tailwindcss_oxide::scanner: Reading "/home/dioney/Documentos/bet/frontBet/app/components/ui/modal.tsx"
2025-11-30T21:40:41.146856Z  INFO tailwindcss_oxide::scanner: Reading "/home/dioney/Documentos/bet/frontBet/app/components/ui/input.tsx"
2025-11-30T21:40:41.146879Z  INFO tailwindcss_oxide::scanner: Reading "/home/dioney/Documentos/bet/frontBet/app/components/ui/toggle.tsx"
2025-11-30T21:40:41.146905Z  INFO tailwindcss_oxide::scanner: Reading "/home/dioney/Documentos/bet/frontBet/app/components/ui/button.tsx"
2025-11-30T21:40:41.146952Z  INFO tailwindcss_oxide::scanner: Reading "/home/dioney/Documentos/bet/frontBet/app/root.tsx"
2025-11-30T21:40:41.146986Z  INFO tailwindcss_oxide::scanner: Reading "/home/dioney/Documentos/bet/frontBet/app/stores/useWalletStore.ts"
2025-11-30T21:40:41.147077Z  INFO tailwindcss_oxide::scanner: Reading "/home/dioney/Documentos/bet/frontBet/app/types/games.ts"
2025-11-30T21:40:41.147103Z  INFO tailwindcss_oxide::scanner: Reading "/home/dioney/Documentos/bet/frontBet/app/__tests__/integration/auth.refresh.integration.test.ts"
2025-11-30T21:40:41.147148Z  INFO tailwindcss_oxide::scanner: Reading "/home/dioney/Documentos/bet/frontBet/app/__tests__/integration/auth.refresh-fail.integration.test.ts"
2025-11-30T21:40:41.147196Z  INFO tailwindcss_oxide::scanner: Reading "/home/dioney/Documentos/bet/frontBet/app/__tests__/integration/auth.integration.test.ts"
2025-11-30T21:40:41.147219Z  INFO tailwindcss_oxide::scanner: Reading "/home/dioney/Documentos/bet/frontBet/app/theme/theme-provider.tsx"
2025-11-30T21:40:41.147244Z  INFO tailwindcss_oxide::scanner: Reading "/home/dioney/Documentos/bet/frontBet/app/theme/__teste__/theme-switcher.test.tsx"
2025-11-30T21:40:41.147264Z  INFO tailwindcss_oxide::scanner: Reading "/home/dioney/Documentos/bet/frontBet/app/theme/theme-switcher.tsx"
2025-11-30T21:40:41.147303Z  INFO tailwindcss_oxide::scanner: Reading "/home/dioney/Documentos/bet/frontBet/app/routes/games.tsx"
2025-11-30T21:40:41.147340Z  INFO tailwindcss_oxide::scanner: Reading "/home/dioney/Documentos/bet/frontBet/app/routes/contato.tsx"
2025-11-30T21:40:41.147363Z  INFO tailwindcss_oxide::scanner: Reading "/home/dioney/Documentos/bet/frontBet/app/routes/jogos.tsx"
2025-11-30T21:40:41.147402Z  INFO tailwindcss_oxide::scanner: Reading "/home/dioney/Documentos/bet/frontBet/app/routes/carteira.tsx"
2025-11-30T21:40:41.147417Z  INFO tailwindcss_oxide::scanner: Reading "/home/dioney/Documentos/bet/frontBet/.prettierrc"
2025-11-30T21:40:41.147443Z  INFO tailwindcss_oxide::scanner: Reading "/home/dioney/Documentos/bet/frontBet/app/routes/perfil.atividade.tsx"
2025-11-30T21:40:41.147465Z  INFO tailwindcss_oxide::scanner: Reading "/home/dioney/Documentos/bet/frontBet/app/routes/games.$slug.tsx"
2025-11-30T21:40:41.147456Z  INFO tailwindcss_oxide::scanner: Reading "/home/dioney/Documentos/bet/frontBet/app/hooks/useGameStats.ts"
2025-11-30T21:40:41.147486Z  INFO tailwindcss_oxide::scanner: Reading "/home/dioney/Documentos/bet/frontBet/app/routes/loja.tsx"
2025-11-30T21:40:41.147495Z  INFO tailwindcss_oxide::scanner: Reading "/home/dioney/Documentos/bet/frontBet/app/hooks/__teste__/useGameLoader.test.tsx"
2025-11-30T21:40:41.147512Z  INFO tailwindcss_oxide::scanner: Reading "/home/dioney/Documentos/bet/frontBet/app/routes/perfil.tsx"
2025-11-30T21:40:41.147517Z  INFO tailwindcss_oxide::scanner: Reading "/home/dioney/Documentos/bet/frontBet/app/hooks/__teste__/useGameStats.test.ts"
2025-11-30T21:40:41.147539Z  INFO tailwindcss_oxide::scanner: Reading "/home/dioney/Documentos/bet/frontBet/app/hooks/useWallet.tsx"
2025-11-30T21:40:41.147548Z  INFO tailwindcss_oxide::scanner: Reading "/home/dioney/Documentos/bet/frontBet/app/routes/auditoria.tsx"
2025-11-30T21:40:41.147559Z  INFO tailwindcss_oxide::scanner: Reading "/home/dioney/Documentos/bet/frontBet/app/hooks/useGameLoader.ts"
2025-11-30T21:40:41.147569Z  INFO tailwindcss_oxide::scanner: Reading "/home/dioney/Documentos/bet/frontBet/app/routes/sobre.tsx"
2025-11-30T21:40:41.147582Z  INFO tailwindcss_oxide::scanner: Reading "/home/dioney/Documentos/bet/frontBet/app/hooks/useGames.ts"
2025-11-30T21:40:41.147591Z  INFO tailwindcss_oxide::scanner: Reading "/home/dioney/Documentos/bet/frontBet/app/routes/home.tsx"
2025-11-30T21:40:41.147602Z  INFO tailwindcss_oxide::scanner: Reading "/home/dioney/Documentos/bet/frontBet/app/routes.ts"
2025-11-30T21:40:41.147620Z  INFO tailwindcss_oxide::scanner: Reading "/home/dioney/Documentos/bet/frontBet/app/routes/login.tsx"
2025-11-30T21:40:41.147629Z  INFO tailwindcss_oxide::scanner: Reading "/home/dioney/Documentos/bet/frontBet/app/lib/schemas/generated-schemas.ts"
2025-11-30T21:40:41.147653Z  INFO tailwindcss_oxide::scanner: Reading "/home/dioney/Documentos/bet/frontBet/app/lib/backend-check.tsx"
2025-11-30T21:40:41.147663Z  INFO tailwindcss_oxide::scanner: Reading "/home/dioney/Documentos/bet/frontBet/app/i18n/locales/es.json"
2025-11-30T21:40:41.147682Z  INFO tailwindcss_oxide::scanner: Reading "/home/dioney/Documentos/bet/frontBet/app/lib/api/schemas/generated-schemas.ts"
2025-11-30T21:40:41.147703Z  INFO tailwindcss_oxide::scanner: Reading "/home/dioney/Documentos/bet/frontBet/app/lib/api/rest.ts"
2025-11-30T21:40:41.147733Z  INFO tailwindcss_oxide::scanner: Reading "/home/dioney/Documentos/bet/frontBet/app/lib/api/clients/events.ts"
2025-11-30T21:40:41.147754Z  INFO tailwindcss_oxide::scanner: Reading "/home/dioney/Documentos/bet/frontBet/app/i18n/locales/en.json"
2025-11-30T21:40:41.147766Z  INFO tailwindcss_oxide::scanner: Reading "/home/dioney/Documentos/bet/frontBet/app/lib/api/clients/odds.ts"
2025-11-30T21:40:41.147786Z  INFO tailwindcss_oxide::scanner: Reading "/home/dioney/Documentos/bet/frontBet/app/lib/api/clients/admin.ts"
2025-11-30T21:40:41.147811Z  INFO tailwindcss_oxide::scanner: Reading "/home/dioney/Documentos/bet/frontBet/scripts/debug-msw.js"
2025-11-30T21:40:41.147838Z  INFO tailwindcss_oxide::scanner: Reading "/home/dioney/Documentos/bet/frontBet/scripts/generate-zod-schemas.ts"
2025-11-30T21:40:41.147862Z  INFO tailwindcss_oxide::scanner: Reading "/home/dioney/Documentos/bet/frontBet/app/i18n/locales/ptmz.json"
2025-11-30T21:40:41.147865Z  INFO tailwindcss_oxide::scanner: Reading "/home/dioney/Documentos/bet/frontBet/scripts/export-translations.ts"
2025-11-30T21:40:41.147888Z  INFO tailwindcss_oxide::scanner: Reading "/home/dioney/Documentos/bet/frontBet/scripts/check-backend.js"
2025-11-30T21:40:41.147917Z  INFO tailwindcss_oxide::scanner: Reading "/home/dioney/Documentos/bet/frontBet/tests/integration/auth.refresh.integration.test.ts"
2025-11-30T21:40:41.147940Z  INFO tailwindcss_oxide::scanner: Reading "/home/dioney/Documentos/bet/frontBet/tests/integration/wallet.integration.test.tsx"
2025-11-30T21:40:41.147960Z  INFO tailwindcss_oxide::scanner: Reading "/home/dioney/Documentos/bet/frontBet/tests/integration/auth.refresh-fail.integration.test.ts"
2025-11-30T21:40:41.147978Z  INFO tailwindcss_oxide::scanner: Reading "/home/dioney/Documentos/bet/frontBet/app/i18n/locales/ptbr.json"
2025-11-30T21:40:41.147982Z  INFO tailwindcss_oxide::scanner: Reading "/home/dioney/Documentos/bet/frontBet/tests/integration/auth.integration.test.ts"
2025-11-30T21:40:41.148012Z  INFO tailwindcss_oxide::scanner: Reading "/home/dioney/Documentos/bet/frontBet/README.md"
2025-11-30T21:40:41.148042Z  INFO tailwindcss_oxide::scanner: Reading "/home/dioney/Documentos/bet/frontBet/react-router.config.ts"
2025-11-30T21:40:41.148061Z  INFO tailwindcss_oxide::scanner: Reading "/home/dioney/Documentos/bet/frontBet/.lintstagedrc.json"
2025-11-30T21:40:41.148071Z  INFO tailwindcss_oxide::scanner: Reading "/home/dioney/Documentos/bet/frontBet/app/i18n/page-copy.ts"
2025-11-30T21:40:41.148081Z  INFO tailwindcss_oxide::scanner: Reading "/home/dioney/Documentos/bet/frontBet/tsconfig.json"
2025-11-30T21:40:41.148096Z  INFO tailwindcss_oxide::scanner: Reading "/home/dioney/Documentos/bet/frontBet/app/i18n/i18n-provider.tsx"
2025-11-30T21:40:41.148103Z  INFO tailwindcss_oxide::scanner: Reading "/home/dioney/Documentos/bet/frontBet/package.json"
2025-11-30T21:40:41.148118Z  INFO tailwindcss_oxide::scanner: Reading "/home/dioney/Documentos/bet/frontBet/app/i18n/config.ts"
2025-11-30T21:40:41.148153Z  INFO tailwindcss_oxide::scanner: Reading "/home/dioney/Documentos/bet/frontBet/app/i18n/language-switcher.tsx"
2025-11-30T21:40:41.148181Z  INFO tailwindcss_oxide::scanner: Reading "/home/dioney/Documentos/bet/frontBet/app/components/ToastProvider.tsx"
2025-11-30T21:40:41.148206Z  INFO tailwindcss_oxide::scanner: Reading "/home/dioney/Documentos/bet/frontBet/app/components/__teste__/site-header.test.tsx"
2025-11-30T21:40:41.148228Z  INFO tailwindcss_oxide::scanner: Reading "/home/dioney/Documentos/bet/frontBet/eslint.config.js"
2025-11-30T21:40:41.148250Z  INFO tailwindcss_oxide::scanner: Reading "/home/dioney/Documentos/bet/frontBet/.eslintrc.json"
2025-11-30T21:40:41.148353Z  INFO tailwindcss_oxide::scanner: Reading "/home/dioney/Documentos/bet/frontBet/docs/localization.mdx"
2025-11-30T21:40:41.148408Z  INFO tailwindcss_oxide::scanner: Reading "/home/dioney/Documentos/bet/frontBet/docs/lib-migration.md"
2025-11-30T21:40:41.148535Z  INFO tailwindcss_oxide::scanner: Reading "/home/dioney/Documentos/bet/frontBet/.github/workflows/ci.yml"
2025-11-30T21:40:41.148600Z  INFO tailwindcss_oxide::scanner: Reading "/home/dioney/Documentos/bet/frontBet/userTestClerk.txt"
2025-11-30T21:40:41.148632Z  INFO tailwindcss_oxide::scanner: Reading "/home/dioney/Documentos/bet/frontBet/vite.config.ts"
2025-11-30T21:40:41.148646Z  INFO tailwindcss_oxide::scanner: Reading "/home/dioney/Documentos/bet/frontBet/docs/backend-integration-migration-plan.mdx"
2025-11-30T21:40:41.148770Z  INFO tailwindcss_oxide::scanner: Reading "/home/dioney/Documentos/bet/frontBet/.env.example"
2025-11-30T21:40:41.148870Z  INFO tailwindcss_oxide::scanner: Reading "/home/dioney/Documentos/bet/frontBet/docs/architecture.mdx"
2025-11-30T21:40:41.148885Z  INFO tailwindcss_oxide::scanner: Reading "/home/dioney/Documentos/bet/frontBet/.dockerignore"
2025-11-30T21:40:41.148904Z  INFO tailwindcss_oxide::scanner: Reading "/home/dioney/Documentos/bet/frontBet/docs/overview.mdx"
2025-11-30T21:40:41.148934Z  INFO tailwindcss_oxide::scanner: Reading "/home/dioney/Documentos/bet/frontBet/docs/modularidade.mdx"
2025-11-30T21:40:41.148962Z  INFO tailwindcss_oxide::scanner: Reading "/home/dioney/Documentos/bet/frontBet/vitest.setup.ts"
2025-11-30T21:40:41.149065Z  INFO extract_candidates:read_all_files: tailwindcss_oxide::scanner: exit
2025-11-30T21:40:41.149091Z  INFO extract_candidates:parse_all_blobs: tailwindcss_oxide::scanner: enter
2025-11-30T21:40:41.149098Z  INFO extract_candidates:parse_all_blobs:extract: tailwindcss_oxide::scanner: enter
2025-11-30T21:40:41.157378Z  INFO extract_candidates:parse_all_blobs:extract: tailwindcss_oxide::scanner: exit
2025-11-30T21:40:41.157427Z  INFO extract_candidates:parse_all_blobs: tailwindcss_oxide::scanner: exit
2025-11-30T21:40:41.157439Z  INFO extract_candidates:read_all_files: tailwindcss_oxide::scanner: enter
2025-11-30T21:40:41.157448Z  INFO extract_candidates:read_all_files: tailwindcss_oxide::scanner: Reading 2 file(s)
2025-11-30T21:40:41.157602Z  INFO tailwindcss_oxide::scanner: Reading "/home/dioney/Documentos/bet/frontBet/app/app.css"
2025-11-30T21:40:41.157693Z  INFO tailwindcss_oxide::scanner: Reading "/home/dioney/Documentos/bet/frontBet/app/styles/tokens.css"
2025-11-30T21:40:41.157761Z  INFO extract_candidates:read_all_files: tailwindcss_oxide::scanner: exit
2025-11-30T21:40:41.157781Z  INFO extract_candidates:extract_css_variables: tailwindcss_oxide::scanner: enter
2025-11-30T21:40:41.157786Z  INFO extract_candidates:extract_css_variables:extract: tailwindcss_oxide::scanner: enter
2025-11-30T21:40:41.158018Z  INFO extract_candidates:extract_css_variables:extract: tailwindcss_oxide::scanner: exit
2025-11-30T21:40:41.158036Z  INFO extract_candidates:extract_css_variables: tailwindcss_oxide::scanner: exit
2025-11-30T21:40:41.162088Z  INFO extract_candidates: tailwindcss_oxide::scanner: exit
2025-11-30T21:40:41.167812Z  INFO get_files: tailwindcss_oxide::scanner: enter
2025-11-30T21:40:41.167866Z  INFO get_files:scan_sources: tailwindcss_oxide::scanner: enter
2025-11-30T21:40:41.168389Z  INFO get_files:scan_sources: tailwindcss_oxide::scanner: Discovering "/home/dioney/Documentos/bet/frontBet/docs"
2025-11-30T21:40:41.168802Z  INFO get_files:scan_sources: tailwindcss_oxide::scanner: Discovering "/home/dioney/Documentos/bet/frontBet/.github"
2025-11-30T21:40:41.168877Z  INFO get_files:scan_sources: tailwindcss_oxide::scanner: Discovering "/home/dioney/Documentos/bet/frontBet/.github/workflows"
2025-11-30T21:40:41.169003Z  INFO get_files:scan_sources: tailwindcss_oxide::scanner: Discovering "/home/dioney/Documentos/bet/frontBet/public"
2025-11-30T21:40:41.169140Z  INFO get_files:scan_sources: tailwindcss_oxide::scanner: Discovering "/home/dioney/Documentos/bet/frontBet/app"
2025-11-30T21:40:41.169223Z  INFO get_files:scan_sources: tailwindcss_oxide::scanner: Discovering "/home/dioney/Documentos/bet/frontBet/app/hooks"
2025-11-30T21:40:41.169304Z  INFO get_files:scan_sources: tailwindcss_oxide::scanner: Discovering "/home/dioney/Documentos/bet/frontBet/app/hooks/__teste__"
2025-11-30T21:40:41.169462Z  INFO get_files:scan_sources: tailwindcss_oxide::scanner: Discovering "/home/dioney/Documentos/bet/frontBet/app/lib"
2025-11-30T21:40:41.169532Z  INFO get_files:scan_sources: tailwindcss_oxide::scanner: Discovering "/home/dioney/Documentos/bet/frontBet/app/lib/schemas"
2025-11-30T21:40:41.169645Z  INFO get_files:scan_sources: tailwindcss_oxide::scanner: Discovering "/home/dioney/Documentos/bet/frontBet/app/lib/api"
2025-11-30T21:40:41.169725Z  INFO get_files:scan_sources: tailwindcss_oxide::scanner: Discovering "/home/dioney/Documentos/bet/frontBet/app/lib/api/schemas"
2025-11-30T21:40:41.169847Z  INFO get_files:scan_sources: tailwindcss_oxide::scanner: Discovering "/home/dioney/Documentos/bet/frontBet/app/lib/api/clients"
2025-11-30T21:40:41.170076Z  INFO get_files:scan_sources: tailwindcss_oxide::scanner: Discovering "/home/dioney/Documentos/bet/frontBet/app/lib/api-client"
2025-11-30T21:40:41.170178Z  INFO get_files:scan_sources: tailwindcss_oxide::scanner: Discovering "/home/dioney/Documentos/bet/frontBet/app/lib/__tests__"
2025-11-30T21:40:41.170320Z  INFO get_files:scan_sources: tailwindcss_oxide::scanner: Discovering "/home/dioney/Documentos/bet/frontBet/app/utils"
2025-11-30T21:40:41.170401Z  INFO get_files:scan_sources: tailwindcss_oxide::scanner: Discovering "/home/dioney/Documentos/bet/frontBet/app/data"
2025-11-30T21:40:41.170481Z  INFO get_files:scan_sources: tailwindcss_oxide::scanner: Discovering "/home/dioney/Documentos/bet/frontBet/app/data/__teste__"
2025-11-30T21:40:41.170574Z  INFO get_files:scan_sources: tailwindcss_oxide::scanner: Discovering "/home/dioney/Documentos/bet/frontBet/app/games"
2025-11-30T21:40:41.170685Z  INFO get_files:scan_sources: tailwindcss_oxide::scanner: Discovering "/home/dioney/Documentos/bet/frontBet/app/games/__teste__"
2025-11-30T21:40:41.170796Z  INFO get_files:scan_sources: tailwindcss_oxide::scanner: Discovering "/home/dioney/Documentos/bet/frontBet/app/types"
2025-11-30T21:40:41.170933Z  INFO get_files:scan_sources: tailwindcss_oxide::scanner: Discovering "/home/dioney/Documentos/bet/frontBet/app/__tests__"
2025-11-30T21:40:41.171004Z  INFO get_files:scan_sources: tailwindcss_oxide::scanner: Discovering "/home/dioney/Documentos/bet/frontBet/app/__tests__/integration"
2025-11-30T21:40:41.171157Z  INFO get_files:scan_sources: tailwindcss_oxide::scanner: Discovering "/home/dioney/Documentos/bet/frontBet/app/theme"
2025-11-30T21:40:41.171238Z  INFO get_files:scan_sources: tailwindcss_oxide::scanner: Discovering "/home/dioney/Documentos/bet/frontBet/app/theme/__teste__"
2025-11-30T21:40:41.171335Z  INFO get_files:scan_sources: tailwindcss_oxide::scanner: Discovering "/home/dioney/Documentos/bet/frontBet/app/styles"
2025-11-30T21:40:41.171432Z  INFO get_files:scan_sources: tailwindcss_oxide::scanner: Discovering "/home/dioney/Documentos/bet/frontBet/app/routes"
2025-11-30T21:40:41.171649Z  INFO get_files:scan_sources: tailwindcss_oxide::scanner: Discovering "/home/dioney/Documentos/bet/frontBet/app/i18n"
2025-11-30T21:40:41.171730Z  INFO get_files:scan_sources: tailwindcss_oxide::scanner: Discovering "/home/dioney/Documentos/bet/frontBet/app/i18n/locales"
2025-11-30T21:40:41.171897Z  INFO get_files:scan_sources: tailwindcss_oxide::scanner: Discovering "/home/dioney/Documentos/bet/frontBet/app/components"
2025-11-30T21:40:41.171977Z  INFO get_files:scan_sources: tailwindcss_oxide::scanner: Discovering "/home/dioney/Documentos/bet/frontBet/app/components/__teste__"
2025-11-30T21:40:41.172149Z  INFO get_files:scan_sources: tailwindcss_oxide::scanner: Discovering "/home/dioney/Documentos/bet/frontBet/app/components/animation"
2025-11-30T21:40:41.172291Z  INFO get_files:scan_sources: tailwindcss_oxide::scanner: Discovering "/home/dioney/Documentos/bet/frontBet/app/components/ui"
2025-11-30T21:40:41.172446Z  INFO get_files:scan_sources: tailwindcss_oxide::scanner: Discovering "/home/dioney/Documentos/bet/frontBet/app/stores"
2025-11-30T21:40:41.172579Z  INFO get_files:scan_sources: tailwindcss_oxide::scanner: Discovering "/home/dioney/Documentos/bet/frontBet/scripts"
2025-11-30T21:40:41.172695Z  INFO get_files:scan_sources: tailwindcss_oxide::scanner: Discovering "/home/dioney/Documentos/bet/frontBet/tests"
2025-11-30T21:40:41.172757Z  INFO get_files:scan_sources: tailwindcss_oxide::scanner: Discovering "/home/dioney/Documentos/bet/frontBet/tests/integration"
2025-11-30T21:40:41.172944Z  INFO get_files:scan_sources: tailwindcss_oxide::scanner: exit
2025-11-30T21:40:41.173844Z  INFO get_files: tailwindcss_oxide::scanner: exit
2025-11-30T21:40:41.174373Z  INFO get_globs: tailwindcss_oxide::scanner: enter
2025-11-30T21:40:41.174411Z  INFO get_globs:scan_sources: tailwindcss_oxide::scanner: enter
2025-11-30T21:40:41.174779Z  INFO get_globs:scan_sources: tailwindcss_oxide::scanner: Discovering "/home/dioney/Documentos/bet/frontBet/docs"
2025-11-30T21:40:41.175166Z  INFO get_globs:scan_sources: tailwindcss_oxide::scanner: Discovering "/home/dioney/Documentos/bet/frontBet/.github"
2025-11-30T21:40:41.175236Z  INFO get_globs:scan_sources: tailwindcss_oxide::scanner: Discovering "/home/dioney/Documentos/bet/frontBet/.github/workflows"
2025-11-30T21:40:41.175340Z  INFO get_globs:scan_sources: tailwindcss_oxide::scanner: Discovering "/home/dioney/Documentos/bet/frontBet/public"
2025-11-30T21:40:41.175458Z  INFO get_globs:scan_sources: tailwindcss_oxide::scanner: Discovering "/home/dioney/Documentos/bet/frontBet/app"
2025-11-30T21:40:41.175523Z  INFO get_globs:scan_sources: tailwindcss_oxide::scanner: Discovering "/home/dioney/Documentos/bet/frontBet/app/hooks"
2025-11-30T21:40:41.175611Z  INFO get_globs:scan_sources: tailwindcss_oxide::scanner: Discovering "/home/dioney/Documentos/bet/frontBet/app/hooks/__teste__"
2025-11-30T21:40:41.175754Z  INFO get_globs:scan_sources: tailwindcss_oxide::scanner: Discovering "/home/dioney/Documentos/bet/frontBet/app/lib"
2025-11-30T21:40:41.175823Z  INFO get_globs:scan_sources: tailwindcss_oxide::scanner: Discovering "/home/dioney/Documentos/bet/frontBet/app/lib/schemas"
2025-11-30T21:40:41.175934Z  INFO get_globs:scan_sources: tailwindcss_oxide::scanner: Discovering "/home/dioney/Documentos/bet/frontBet/app/lib/api"
2025-11-30T21:40:41.175999Z  INFO get_globs:scan_sources: tailwindcss_oxide::scanner: Discovering "/home/dioney/Documentos/bet/frontBet/app/lib/api/schemas"
2025-11-30T21:40:41.176103Z  INFO get_globs:scan_sources: tailwindcss_oxide::scanner: Discovering "/home/dioney/Documentos/bet/frontBet/app/lib/api/clients"
2025-11-30T21:40:41.176507Z  INFO get_globs:scan_sources: tailwindcss_oxide::scanner: Discovering "/home/dioney/Documentos/bet/frontBet/app/lib/api-client"
2025-11-30T21:40:41.176589Z  INFO get_globs:scan_sources: tailwindcss_oxide::scanner: Discovering "/home/dioney/Documentos/bet/frontBet/app/lib/__tests__"
2025-11-30T21:40:41.176736Z  INFO get_globs:scan_sources: tailwindcss_oxide::scanner: Discovering "/home/dioney/Documentos/bet/frontBet/app/utils"
2025-11-30T21:40:41.176820Z  INFO get_globs:scan_sources: tailwindcss_oxide::scanner: Discovering "/home/dioney/Documentos/bet/frontBet/app/data"
2025-11-30T21:40:41.176899Z  INFO get_globs:scan_sources: tailwindcss_oxide::scanner: Discovering "/home/dioney/Documentos/bet/frontBet/app/data/__teste__"
2025-11-30T21:40:41.176987Z  INFO get_globs:scan_sources: tailwindcss_oxide::scanner: Discovering "/home/dioney/Documentos/bet/frontBet/app/games"
2025-11-30T21:40:41.177091Z  INFO get_globs:scan_sources: tailwindcss_oxide::scanner: Discovering "/home/dioney/Documentos/bet/frontBet/app/games/__teste__"
2025-11-30T21:40:41.177211Z  INFO get_globs:scan_sources: tailwindcss_oxide::scanner: Discovering "/home/dioney/Documentos/bet/frontBet/app/types"
2025-11-30T21:40:41.177345Z  INFO get_globs:scan_sources: tailwindcss_oxide::scanner: Discovering "/home/dioney/Documentos/bet/frontBet/app/__tests__"
2025-11-30T21:40:41.177405Z  INFO get_globs:scan_sources: tailwindcss_oxide::scanner: Discovering "/home/dioney/Documentos/bet/frontBet/app/__tests__/integration"
2025-11-30T21:40:41.177532Z  INFO get_globs:scan_sources: tailwindcss_oxide::scanner: Discovering "/home/dioney/Documentos/bet/frontBet/app/theme"
2025-11-30T21:40:41.177608Z  INFO get_globs:scan_sources: tailwindcss_oxide::scanner: Discovering "/home/dioney/Documentos/bet/frontBet/app/theme/__teste__"
2025-11-30T21:40:41.177708Z  INFO get_globs:scan_sources: tailwindcss_oxide::scanner: Discovering "/home/dioney/Documentos/bet/frontBet/app/styles"
2025-11-30T21:40:41.177798Z  INFO get_globs:scan_sources: tailwindcss_oxide::scanner: Discovering "/home/dioney/Documentos/bet/frontBet/app/routes"
2025-11-30T21:40:41.178002Z  INFO get_globs:scan_sources: tailwindcss_oxide::scanner: Discovering "/home/dioney/Documentos/bet/frontBet/app/i18n"
2025-11-30T21:40:41.178064Z  INFO get_globs:scan_sources: tailwindcss_oxide::scanner: Discovering "/home/dioney/Documentos/bet/frontBet/app/i18n/locales"
2025-11-30T21:40:41.178233Z  INFO get_globs:scan_sources: tailwindcss_oxide::scanner: Discovering "/home/dioney/Documentos/bet/frontBet/app/components"
2025-11-30T21:40:41.178316Z  INFO get_globs:scan_sources: tailwindcss_oxide::scanner: Discovering "/home/dioney/Documentos/bet/frontBet/app/components/__teste__"
2025-11-30T21:40:41.178468Z  INFO get_globs:scan_sources: tailwindcss_oxide::scanner: Discovering "/home/dioney/Documentos/bet/frontBet/app/components/animation"
2025-11-30T21:40:41.178603Z  INFO get_globs:scan_sources: tailwindcss_oxide::scanner: Discovering "/home/dioney/Documentos/bet/frontBet/app/components/ui"
2025-11-30T21:40:41.178797Z  INFO get_globs:scan_sources: tailwindcss_oxide::scanner: Discovering "/home/dioney/Documentos/bet/frontBet/app/stores"
2025-11-30T21:40:41.178939Z  INFO get_globs:scan_sources: tailwindcss_oxide::scanner: Discovering "/home/dioney/Documentos/bet/frontBet/scripts"
2025-11-30T21:40:41.179051Z  INFO get_globs:scan_sources: tailwindcss_oxide::scanner: Discovering "/home/dioney/Documentos/bet/frontBet/tests"
2025-11-30T21:40:41.179116Z  INFO get_globs:scan_sources: tailwindcss_oxide::scanner: Discovering "/home/dioney/Documentos/bet/frontBet/tests/integration"
2025-11-30T21:40:41.179267Z  INFO get_globs:scan_sources: tailwindcss_oxide::scanner: exit
2025-11-30T21:40:41.183500Z  INFO get_globs: tailwindcss_oxide::scanner: exit
2025-11-30T21:41:43.694091Z  INFO scan_sources: tailwindcss_oxide::scanner: enter
2025-11-30T21:41:43.695191Z  INFO scan_sources: tailwindcss_oxide::scanner: Discovering "/home/dioney/Documentos/bet/frontBet/docs"
2025-11-30T21:41:43.695639Z  INFO scan_sources: tailwindcss_oxide::scanner: Discovering "/home/dioney/Documentos/bet/frontBet/.github"
2025-11-30T21:41:43.695721Z  INFO scan_sources: tailwindcss_oxide::scanner: Discovering "/home/dioney/Documentos/bet/frontBet/.github/workflows"
2025-11-30T21:41:43.695837Z  INFO scan_sources: tailwindcss_oxide::scanner: Discovering "/home/dioney/Documentos/bet/frontBet/public"
2025-11-30T21:41:43.695961Z  INFO scan_sources: tailwindcss_oxide::scanner: Discovering "/home/dioney/Documentos/bet/frontBet/app"
2025-11-30T21:41:43.696034Z  INFO scan_sources: tailwindcss_oxide::scanner: Discovering "/home/dioney/Documentos/bet/frontBet/app/hooks"
2025-11-30T21:41:43.696130Z  INFO scan_sources: tailwindcss_oxide::scanner: Discovering "/home/dioney/Documentos/bet/frontBet/app/hooks/__teste__"
2025-11-30T21:41:43.696295Z  INFO scan_sources: tailwindcss_oxide::scanner: Discovering "/home/dioney/Documentos/bet/frontBet/app/lib"
2025-11-30T21:41:43.696377Z  INFO scan_sources: tailwindcss_oxide::scanner: Discovering "/home/dioney/Documentos/bet/frontBet/app/lib/schemas"
2025-11-30T21:41:43.696501Z  INFO scan_sources: tailwindcss_oxide::scanner: Discovering "/home/dioney/Documentos/bet/frontBet/app/lib/api"
2025-11-30T21:41:43.696577Z  INFO scan_sources: tailwindcss_oxide::scanner: Discovering "/home/dioney/Documentos/bet/frontBet/app/lib/api/schemas"
2025-11-30T21:41:43.696685Z  INFO scan_sources: tailwindcss_oxide::scanner: Discovering "/home/dioney/Documentos/bet/frontBet/app/lib/api/clients"
2025-11-30T21:41:43.696979Z  INFO scan_sources: tailwindcss_oxide::scanner: Discovering "/home/dioney/Documentos/bet/frontBet/app/lib/api-client"
2025-11-30T21:41:43.697081Z  INFO scan_sources: tailwindcss_oxide::scanner: Discovering "/home/dioney/Documentos/bet/frontBet/app/lib/__tests__"
2025-11-30T21:41:43.697258Z  INFO scan_sources: tailwindcss_oxide::scanner: Discovering "/home/dioney/Documentos/bet/frontBet/app/utils"
2025-11-30T21:41:43.697362Z  INFO scan_sources: tailwindcss_oxide::scanner: Discovering "/home/dioney/Documentos/bet/frontBet/app/data"
2025-11-30T21:41:43.697451Z  INFO scan_sources: tailwindcss_oxide::scanner: Discovering "/home/dioney/Documentos/bet/frontBet/app/data/__teste__"
2025-11-30T21:41:43.697554Z  INFO scan_sources: tailwindcss_oxide::scanner: Discovering "/home/dioney/Documentos/bet/frontBet/app/games"
2025-11-30T21:41:43.697676Z  INFO scan_sources: tailwindcss_oxide::scanner: Discovering "/home/dioney/Documentos/bet/frontBet/app/games/__teste__"
2025-11-30T21:41:43.697805Z  INFO scan_sources: tailwindcss_oxide::scanner: Discovering "/home/dioney/Documentos/bet/frontBet/app/types"
2025-11-30T21:41:43.697979Z  INFO scan_sources: tailwindcss_oxide::scanner: Discovering "/home/dioney/Documentos/bet/frontBet/app/__tests__"
2025-11-30T21:41:43.698051Z  INFO scan_sources: tailwindcss_oxide::scanner: Discovering "/home/dioney/Documentos/bet/frontBet/app/__tests__/integration"
2025-11-30T21:41:43.698208Z  INFO scan_sources: tailwindcss_oxide::scanner: Discovering "/home/dioney/Documentos/bet/frontBet/app/theme"
2025-11-30T21:41:43.698308Z  INFO scan_sources: tailwindcss_oxide::scanner: Discovering "/home/dioney/Documentos/bet/frontBet/app/theme/__teste__"
2025-11-30T21:41:43.698435Z  INFO scan_sources: tailwindcss_oxide::scanner: Discovering "/home/dioney/Documentos/bet/frontBet/app/styles"
2025-11-30T21:41:43.698527Z  INFO scan_sources: tailwindcss_oxide::scanner: Discovering "/home/dioney/Documentos/bet/frontBet/app/routes"
2025-11-30T21:41:43.698763Z  INFO scan_sources: tailwindcss_oxide::scanner: Discovering "/home/dioney/Documentos/bet/frontBet/app/i18n"
2025-11-30T21:41:43.698853Z  INFO scan_sources: tailwindcss_oxide::scanner: Discovering "/home/dioney/Documentos/bet/frontBet/app/i18n/locales"
2025-11-30T21:41:43.699052Z  INFO scan_sources: tailwindcss_oxide::scanner: Discovering "/home/dioney/Documentos/bet/frontBet/app/components"
2025-11-30T21:41:43.699170Z  INFO scan_sources: tailwindcss_oxide::scanner: Discovering "/home/dioney/Documentos/bet/frontBet/app/components/__teste__"
2025-11-30T21:41:43.699345Z  INFO scan_sources: tailwindcss_oxide::scanner: Discovering "/home/dioney/Documentos/bet/frontBet/app/components/animation"
2025-11-30T21:41:43.699507Z  INFO scan_sources: tailwindcss_oxide::scanner: Discovering "/home/dioney/Documentos/bet/frontBet/app/components/ui"
2025-11-30T21:41:43.699739Z  INFO scan_sources: tailwindcss_oxide::scanner: Discovering "/home/dioney/Documentos/bet/frontBet/app/stores"
2025-11-30T21:41:43.699912Z  INFO scan_sources: tailwindcss_oxide::scanner: Discovering "/home/dioney/Documentos/bet/frontBet/scripts"
2025-11-30T21:41:43.700032Z  INFO scan_sources: tailwindcss_oxide::scanner: Discovering "/home/dioney/Documentos/bet/frontBet/tests"
2025-11-30T21:41:43.700089Z  INFO scan_sources: tailwindcss_oxide::scanner: Discovering "/home/dioney/Documentos/bet/frontBet/tests/integration"
2025-11-30T21:41:43.700292Z  INFO scan_sources: tailwindcss_oxide::scanner: exit
2025-11-30T21:41:43.700313Z  INFO extract_candidates: tailwindcss_oxide::scanner: enter
2025-11-30T21:41:43.700327Z  INFO extract_candidates:read_all_files: tailwindcss_oxide::scanner: enter
2025-11-30T21:41:43.700334Z  INFO extract_candidates:read_all_files: tailwindcss_oxide::scanner: Reading 0 file(s)
2025-11-30T21:41:43.700342Z  INFO extract_candidates:read_all_files: tailwindcss_oxide::scanner: exit
2025-11-30T21:41:43.700350Z  INFO extract_candidates:parse_all_blobs: tailwindcss_oxide::scanner: enter
2025-11-30T21:41:43.700356Z  INFO extract_candidates:parse_all_blobs:extract: tailwindcss_oxide::scanner: enter
2025-11-30T21:41:43.700364Z  INFO extract_candidates:parse_all_blobs:extract: tailwindcss_oxide::scanner: exit
2025-11-30T21:41:43.700371Z  INFO extract_candidates:parse_all_blobs: tailwindcss_oxide::scanner: exit
2025-11-30T21:41:43.700379Z  INFO extract_candidates: tailwindcss_oxide::scanner: exit
2025-11-30T21:41:43.704115Z  INFO get_files: tailwindcss_oxide::scanner: enter
2025-11-30T21:41:43.704241Z  INFO get_files:scan_sources: tailwindcss_oxide::scanner: enter
2025-11-30T21:41:43.704812Z  INFO get_files:scan_sources: tailwindcss_oxide::scanner: Discovering "/home/dioney/Documentos/bet/frontBet/docs"
2025-11-30T21:41:43.705574Z  INFO get_files:scan_sources: tailwindcss_oxide::scanner: Discovering "/home/dioney/Documentos/bet/frontBet/.github"
2025-11-30T21:41:43.705957Z  INFO get_files:scan_sources: tailwindcss_oxide::scanner: Discovering "/home/dioney/Documentos/bet/frontBet/.github/workflows"
2025-11-30T21:41:43.706342Z  INFO get_files:scan_sources: tailwindcss_oxide::scanner: Discovering "/home/dioney/Documentos/bet/frontBet/public"
2025-11-30T21:41:43.706817Z  INFO get_files:scan_sources: tailwindcss_oxide::scanner: Discovering "/home/dioney/Documentos/bet/frontBet/app"
2025-11-30T21:41:43.707082Z  INFO get_files:scan_sources: tailwindcss_oxide::scanner: Discovering "/home/dioney/Documentos/bet/frontBet/app/hooks"
2025-11-30T21:41:43.707370Z  INFO get_files:scan_sources: tailwindcss_oxide::scanner: Discovering "/home/dioney/Documentos/bet/frontBet/app/hooks/__teste__"
2025-11-30T21:41:43.707541Z  INFO get_files:scan_sources: tailwindcss_oxide::scanner: Discovering "/home/dioney/Documentos/bet/frontBet/app/lib"
2025-11-30T21:41:43.707608Z  INFO get_files:scan_sources: tailwindcss_oxide::scanner: Discovering "/home/dioney/Documentos/bet/frontBet/app/lib/schemas"
2025-11-30T21:41:43.707706Z  INFO get_files:scan_sources: tailwindcss_oxide::scanner: Discovering "/home/dioney/Documentos/bet/frontBet/app/lib/api"
2025-11-30T21:41:43.707767Z  INFO get_files:scan_sources: tailwindcss_oxide::scanner: Discovering "/home/dioney/Documentos/bet/frontBet/app/lib/api/schemas"
2025-11-30T21:41:43.707863Z  INFO get_files:scan_sources: tailwindcss_oxide::scanner: Discovering "/home/dioney/Documentos/bet/frontBet/app/lib/api/clients"
2025-11-30T21:41:43.708147Z  INFO get_files:scan_sources: tailwindcss_oxide::scanner: Discovering "/home/dioney/Documentos/bet/frontBet/app/lib/api-client"
2025-11-30T21:41:43.708244Z  INFO get_files:scan_sources: tailwindcss_oxide::scanner: Discovering "/home/dioney/Documentos/bet/frontBet/app/lib/__tests__"
2025-11-30T21:41:43.708396Z  INFO get_files:scan_sources: tailwindcss_oxide::scanner: Discovering "/home/dioney/Documentos/bet/frontBet/app/utils"
2025-11-30T21:41:43.708508Z  INFO get_files:scan_sources: tailwindcss_oxide::scanner: Discovering "/home/dioney/Documentos/bet/frontBet/app/data"
2025-11-30T21:41:43.708689Z  INFO get_files:scan_sources: tailwindcss_oxide::scanner: Discovering "/home/dioney/Documentos/bet/frontBet/app/data/__teste__"
2025-11-30T21:41:43.708787Z  INFO get_files:scan_sources: tailwindcss_oxide::scanner: Discovering "/home/dioney/Documentos/bet/frontBet/app/games"
2025-11-30T21:41:43.708896Z  INFO get_files:scan_sources: tailwindcss_oxide::scanner: Discovering "/home/dioney/Documentos/bet/frontBet/app/games/__teste__"
2025-11-30T21:41:43.709024Z  INFO get_files:scan_sources: tailwindcss_oxide::scanner: Discovering "/home/dioney/Documentos/bet/frontBet/app/types"
2025-11-30T21:41:43.709356Z  INFO get_files:scan_sources: tailwindcss_oxide::scanner: Discovering "/home/dioney/Documentos/bet/frontBet/app/__tests__"
2025-11-30T21:41:43.709580Z  INFO get_files:scan_sources: tailwindcss_oxide::scanner: Discovering "/home/dioney/Documentos/bet/frontBet/app/__tests__/integration"
2025-11-30T21:41:43.709855Z  INFO get_files:scan_sources: tailwindcss_oxide::scanner: Discovering "/home/dioney/Documentos/bet/frontBet/app/theme"
2025-11-30T21:41:43.710047Z  INFO get_files:scan_sources: tailwindcss_oxide::scanner: Discovering "/home/dioney/Documentos/bet/frontBet/app/theme/__teste__"
2025-11-30T21:41:43.710270Z  INFO get_files:scan_sources: tailwindcss_oxide::scanner: Discovering "/home/dioney/Documentos/bet/frontBet/app/styles"
2025-11-30T21:41:43.710464Z  INFO get_files:scan_sources: tailwindcss_oxide::scanner: Discovering "/home/dioney/Documentos/bet/frontBet/app/routes"
2025-11-30T21:41:43.710791Z  INFO get_files:scan_sources: tailwindcss_oxide::scanner: Discovering "/home/dioney/Documentos/bet/frontBet/app/i18n"
2025-11-30T21:41:43.710972Z  INFO get_files:scan_sources: tailwindcss_oxide::scanner: Discovering "/home/dioney/Documentos/bet/frontBet/app/i18n/locales"
2025-11-30T21:41:43.711233Z  INFO get_files:scan_sources: tailwindcss_oxide::scanner: Discovering "/home/dioney/Documentos/bet/frontBet/app/components"
2025-11-30T21:41:43.711383Z  INFO get_files:scan_sources: tailwindcss_oxide::scanner: Discovering "/home/dioney/Documentos/bet/frontBet/app/components/__teste__"
2025-11-30T21:41:43.711546Z  INFO get_files:scan_sources: tailwindcss_oxide::scanner: Discovering "/home/dioney/Documentos/bet/frontBet/app/components/animation"
2025-11-30T21:41:43.711683Z  INFO get_files:scan_sources: tailwindcss_oxide::scanner: Discovering "/home/dioney/Documentos/bet/frontBet/app/components/ui"
2025-11-30T21:41:43.711856Z  INFO get_files:scan_sources: tailwindcss_oxide::scanner: Discovering "/home/dioney/Documentos/bet/frontBet/app/stores"
2025-11-30T21:41:43.711991Z  INFO get_files:scan_sources: tailwindcss_oxide::scanner: Discovering "/home/dioney/Documentos/bet/frontBet/scripts"
2025-11-30T21:41:43.712104Z  INFO get_files:scan_sources: tailwindcss_oxide::scanner: Discovering "/home/dioney/Documentos/bet/frontBet/tests"
2025-11-30T21:41:43.712172Z  INFO get_files:scan_sources: tailwindcss_oxide::scanner: Discovering "/home/dioney/Documentos/bet/frontBet/tests/integration"
2025-11-30T21:41:43.712358Z  INFO get_files:scan_sources: tailwindcss_oxide::scanner: exit
2025-11-30T21:41:43.713023Z  INFO get_files: tailwindcss_oxide::scanner: exit
2025-11-30T21:41:43.714198Z  INFO get_globs: tailwindcss_oxide::scanner: enter
2025-11-30T21:41:43.714467Z  INFO get_globs: tailwindcss_oxide::scanner: exit
