2025-11-30T21:58:58.274706Z  INFO tailwindcss_oxide::scanner: Provided sources:
2025-11-30T21:58:58.274762Z  INFO tailwindcss_oxide::scanner: Source: PublicSourceEntry { base: "/home/dioney/Documentos/bet/frontBet", pattern: "**/*", negated: false }
2025-11-30T21:58:58.274833Z  INFO tailwindcss_oxide::scanner: Optimized sources:
2025-11-30T21:58:58.274843Z  INFO tailwindcss_oxide::scanner: Source: Auto { base: "/home/dioney/Documentos/bet/frontBet" }
2025-11-30T21:58:58.276604Z  INFO scan_sources: tailwindcss_oxide::scanner: enter
2025-11-30T21:58:58.277039Z  INFO scan_sources: tailwindcss_oxide::scanner: Discovering "/home/dioney/Documentos/bet/frontBet/docs"
2025-11-30T21:58:58.277112Z  INFO scan_sources: tailwindcss_oxide::scanner: Discovering "/home/dioney/Documentos/bet/frontBet/docs/localization.mdx"
2025-11-30T21:58:58.277160Z  INFO scan_sources: tailwindcss_oxide::scanner: Discovering "/home/dioney/Documentos/bet/frontBet/docs/lib-migration.md"
2025-11-30T21:58:58.277195Z  INFO scan_sources: tailwindcss_oxide::scanner: Discovering "/home/dioney/Documentos/bet/frontBet/docs/backend-integration-migration-plan.mdx"
2025-11-30T21:58:58.277232Z  INFO scan_sources: tailwindcss_oxide::scanner: Discovering "/home/dioney/Documentos/bet/frontBet/docs/architecture.mdx"
2025-11-30T21:58:58.277264Z  INFO scan_sources: tailwindcss_oxide::scanner: Discovering "/home/dioney/Documentos/bet/frontBet/docs/overview.mdx"
2025-11-30T21:58:58.277304Z  INFO scan_sources: tailwindcss_oxide::scanner: Discovering "/home/dioney/Documentos/bet/frontBet/docs/modularidade.mdx"
2025-11-30T21:58:58.277355Z  INFO scan_sources: tailwindcss_oxide::scanner: Discovering "/home/dioney/Documentos/bet/frontBet/vitest.setup.ts"
2025-11-30T21:58:58.277419Z  INFO scan_sources: tailwindcss_oxide::scanner: Discovering "/home/dioney/Documentos/bet/frontBet/.lintstagedrc.json"
2025-11-30T21:58:58.277526Z  INFO scan_sources: tailwindcss_oxide::scanner: Discovering "/home/dioney/Documentos/bet/frontBet/tsconfig.json"
2025-11-30T21:58:58.277564Z  INFO scan_sources: tailwindcss_oxide::scanner: Discovering "/home/dioney/Documentos/bet/frontBet/package.json"
2025-11-30T21:58:58.277594Z  INFO scan_sources: tailwindcss_oxide::scanner: Discovering "/home/dioney/Documentos/bet/frontBet/.dockerignore"
2025-11-30T21:58:58.277690Z  INFO scan_sources: tailwindcss_oxide::scanner: Discovering "/home/dioney/Documentos/bet/frontBet/eslint.config.js"
2025-11-30T21:58:58.277721Z  INFO scan_sources: tailwindcss_oxide::scanner: Discovering "/home/dioney/Documentos/bet/frontBet/.eslintrc.json"
2025-11-30T21:58:58.277758Z  INFO scan_sources: tailwindcss_oxide::scanner: Discovering "/home/dioney/Documentos/bet/frontBet/.github"
2025-11-30T21:58:58.277828Z  INFO scan_sources: tailwindcss_oxide::scanner: Discovering "/home/dioney/Documentos/bet/frontBet/.github/workflows"
2025-11-30T21:58:58.277894Z  INFO scan_sources: tailwindcss_oxide::scanner: Discovering "/home/dioney/Documentos/bet/frontBet/.github/workflows/ci.yml"
2025-11-30T21:58:58.277962Z  INFO scan_sources: tailwindcss_oxide::scanner: Discovering "/home/dioney/Documentos/bet/frontBet/.env.example"
2025-11-30T21:58:58.278010Z  INFO scan_sources: tailwindcss_oxide::scanner: Discovering "/home/dioney/Documentos/bet/frontBet/public"
2025-11-30T21:58:58.278080Z  INFO scan_sources: tailwindcss_oxide::scanner: Discovering "/home/dioney/Documentos/bet/frontBet/.prettierrc"
2025-11-30T21:58:58.278161Z  INFO scan_sources: tailwindcss_oxide::scanner: Discovering "/home/dioney/Documentos/bet/frontBet/app"
2025-11-30T21:58:58.278241Z  INFO scan_sources: tailwindcss_oxide::scanner: Discovering "/home/dioney/Documentos/bet/frontBet/app/hooks"
2025-11-30T21:58:58.278304Z  INFO scan_sources: tailwindcss_oxide::scanner: Discovering "/home/dioney/Documentos/bet/frontBet/app/hooks/useGameStats.ts"
2025-11-30T21:58:58.278349Z  INFO scan_sources: tailwindcss_oxide::scanner: Discovering "/home/dioney/Documentos/bet/frontBet/app/hooks/__teste__"
2025-11-30T21:58:58.278406Z  INFO scan_sources: tailwindcss_oxide::scanner: Discovering "/home/dioney/Documentos/bet/frontBet/app/hooks/__teste__/useGameLoader.test.tsx"
2025-11-30T21:58:58.278451Z  INFO scan_sources: tailwindcss_oxide::scanner: Discovering "/home/dioney/Documentos/bet/frontBet/app/hooks/__teste__/useGameStats.test.ts"
2025-11-30T21:58:58.278492Z  INFO scan_sources: tailwindcss_oxide::scanner: Discovering "/home/dioney/Documentos/bet/frontBet/app/hooks/useWallet.tsx"
2025-11-30T21:58:58.278524Z  INFO scan_sources: tailwindcss_oxide::scanner: Discovering "/home/dioney/Documentos/bet/frontBet/app/hooks/useGameLoader.ts"
2025-11-30T21:58:58.278555Z  INFO scan_sources: tailwindcss_oxide::scanner: Discovering "/home/dioney/Documentos/bet/frontBet/app/hooks/useGames.ts"
2025-11-30T21:58:58.278598Z  INFO scan_sources: tailwindcss_oxide::scanner: Discovering "/home/dioney/Documentos/bet/frontBet/app/routes.ts"
2025-11-30T21:58:58.278637Z  INFO scan_sources: tailwindcss_oxide::scanner: Discovering "/home/dioney/Documentos/bet/frontBet/app/lib"
2025-11-30T21:58:58.278706Z  INFO scan_sources: tailwindcss_oxide::scanner: Discovering "/home/dioney/Documentos/bet/frontBet/app/lib/schemas"
2025-11-30T21:58:58.278766Z  INFO scan_sources: tailwindcss_oxide::scanner: Discovering "/home/dioney/Documentos/bet/frontBet/app/lib/schemas/generated-schemas.ts"
2025-11-30T21:58:58.278814Z  INFO scan_sources: tailwindcss_oxide::scanner: Discovering "/home/dioney/Documentos/bet/frontBet/app/lib/backend-check.tsx"
2025-11-30T21:58:58.278853Z  INFO scan_sources: tailwindcss_oxide::scanner: Discovering "/home/dioney/Documentos/bet/frontBet/app/lib/api"
2025-11-30T21:58:58.278927Z  INFO scan_sources: tailwindcss_oxide::scanner: Discovering "/home/dioney/Documentos/bet/frontBet/app/lib/api/schemas"
2025-11-30T21:58:58.278997Z  INFO scan_sources: tailwindcss_oxide::scanner: Discovering "/home/dioney/Documentos/bet/frontBet/app/lib/api/schemas/generated-schemas.ts"
2025-11-30T21:58:58.279038Z  INFO scan_sources: tailwindcss_oxide::scanner: Discovering "/home/dioney/Documentos/bet/frontBet/app/lib/api/rest.ts"
2025-11-30T21:58:58.279077Z  INFO scan_sources: tailwindcss_oxide::scanner: Discovering "/home/dioney/Documentos/bet/frontBet/app/lib/api/clients"
2025-11-30T21:58:58.279157Z  INFO scan_sources: tailwindcss_oxide::scanner: Discovering "/home/dioney/Documentos/bet/frontBet/app/lib/api/clients/events.ts"
2025-11-30T21:58:58.279207Z  INFO scan_sources: tailwindcss_oxide::scanner: Discovering "/home/dioney/Documentos/bet/frontBet/app/lib/api/clients/odds.ts"
2025-11-30T21:58:58.279241Z  INFO scan_sources: tailwindcss_oxide::scanner: Discovering "/home/dioney/Documentos/bet/frontBet/app/lib/api/clients/admin.ts"
2025-11-30T21:58:58.279279Z  INFO scan_sources: tailwindcss_oxide::scanner: Discovering "/home/dioney/Documentos/bet/frontBet/app/lib/api/clients/markets.ts"
2025-11-30T21:58:58.279312Z  INFO scan_sources: tailwindcss_oxide::scanner: Discovering "/home/dioney/Documentos/bet/frontBet/app/lib/api/clients/wallet.ts"
2025-11-30T21:58:58.279352Z  INFO scan_sources: tailwindcss_oxide::scanner: Discovering "/home/dioney/Documentos/bet/frontBet/app/lib/api/clients/games.ts"
2025-11-30T21:58:58.279387Z  INFO scan_sources: tailwindcss_oxide::scanner: Discovering "/home/dioney/Documentos/bet/frontBet/app/lib/api/clients/transactions.ts"
2025-11-30T21:58:58.279427Z  INFO scan_sources: tailwindcss_oxide::scanner: Discovering "/home/dioney/Documentos/bet/frontBet/app/lib/api/clients/users.ts"
2025-11-30T21:58:58.279457Z  INFO scan_sources: tailwindcss_oxide::scanner: Discovering "/home/dioney/Documentos/bet/frontBet/app/lib/api/clients/auth.ts"
2025-11-30T21:58:58.279496Z  INFO scan_sources: tailwindcss_oxide::scanner: Discovering "/home/dioney/Documentos/bet/frontBet/app/lib/api/clients/reports.ts"
2025-11-30T21:58:58.279528Z  INFO scan_sources: tailwindcss_oxide::scanner: Discovering "/home/dioney/Documentos/bet/frontBet/app/lib/api/clients/bets.ts"
2025-11-30T21:58:58.279567Z  INFO scan_sources: tailwindcss_oxide::scanner: Discovering "/home/dioney/Documentos/bet/frontBet/app/lib/api/index.ts"
2025-11-30T21:58:58.279609Z  INFO scan_sources: tailwindcss_oxide::scanner: Discovering "/home/dioney/Documentos/bet/frontBet/app/lib/config.test.ts"
2025-11-30T21:58:58.279648Z  INFO scan_sources: tailwindcss_oxide::scanner: Discovering "/home/dioney/Documentos/bet/frontBet/app/lib/error.ts"
2025-11-30T21:58:58.279688Z  INFO scan_sources: tailwindcss_oxide::scanner: Discovering "/home/dioney/Documentos/bet/frontBet/app/lib/api-client"
2025-11-30T21:58:58.279746Z  INFO scan_sources: tailwindcss_oxide::scanner: Discovering "/home/dioney/Documentos/bet/frontBet/app/lib/api-client/types.ts"
2025-11-30T21:58:58.280112Z  INFO scan_sources: tailwindcss_oxide::scanner: Discovering "/home/dioney/Documentos/bet/frontBet/app/lib/__tests__"
2025-11-30T21:58:58.280216Z  INFO scan_sources: tailwindcss_oxide::scanner: Discovering "/home/dioney/Documentos/bet/frontBet/app/lib/__tests__/cn.test.ts"
2025-11-30T21:58:58.280256Z  INFO scan_sources: tailwindcss_oxide::scanner: Discovering "/home/dioney/Documentos/bet/frontBet/app/lib/token.ts"
2025-11-30T21:58:58.280281Z  INFO scan_sources: tailwindcss_oxide::scanner: Discovering "/home/dioney/Documentos/bet/frontBet/app/lib/config.ts"
2025-11-30T21:58:58.280303Z  INFO scan_sources: tailwindcss_oxide::scanner: Discovering "/home/dioney/Documentos/bet/frontBet/app/lib/auth.ts"
2025-11-30T21:58:58.280330Z  INFO scan_sources: tailwindcss_oxide::scanner: Discovering "/home/dioney/Documentos/bet/frontBet/app/lib/cn.ts"
2025-11-30T21:58:58.280353Z  INFO scan_sources: tailwindcss_oxide::scanner: Discovering "/home/dioney/Documentos/bet/frontBet/app/lib/index.ts"
2025-11-30T21:58:58.280396Z  INFO scan_sources: tailwindcss_oxide::scanner: Discovering "/home/dioney/Documentos/bet/frontBet/app/utils"
2025-11-30T21:58:58.280446Z  INFO scan_sources: tailwindcss_oxide::scanner: Discovering "/home/dioney/Documentos/bet/frontBet/app/utils/auth.server.ts"
2025-11-30T21:58:58.280487Z  INFO scan_sources: tailwindcss_oxide::scanner: Discovering "/home/dioney/Documentos/bet/frontBet/app/data"
2025-11-30T21:58:58.280537Z  INFO scan_sources: tailwindcss_oxide::scanner: Discovering "/home/dioney/Documentos/bet/frontBet/app/data/game-registry.ts"
2025-11-30T21:58:58.280575Z  INFO scan_sources: tailwindcss_oxide::scanner: Discovering "/home/dioney/Documentos/bet/frontBet/app/data/__teste__"
2025-11-30T21:58:58.280633Z  INFO scan_sources: tailwindcss_oxide::scanner: Discovering "/home/dioney/Documentos/bet/frontBet/app/data/__teste__/game-registry.test.ts"
2025-11-30T21:58:58.280679Z  INFO scan_sources: tailwindcss_oxide::scanner: Discovering "/home/dioney/Documentos/bet/frontBet/app/games"
2025-11-30T21:58:58.280729Z  INFO scan_sources: tailwindcss_oxide::scanner: Discovering "/home/dioney/Documentos/bet/frontBet/app/games/odds-heatmap.tsx"
2025-11-30T21:58:58.280766Z  INFO scan_sources: tailwindcss_oxide::scanner: Discovering "/home/dioney/Documentos/bet/frontBet/app/games/penalty-analytics.tsx"
2025-11-30T21:58:58.280794Z  INFO scan_sources: tailwindcss_oxide::scanner: Discovering "/home/dioney/Documentos/bet/frontBet/app/games/live-match-monitor.tsx"
2025-11-30T21:58:58.280831Z  INFO scan_sources: tailwindcss_oxide::scanner: Discovering "/home/dioney/Documentos/bet/frontBet/app/games/__teste__"
2025-11-30T21:58:58.280882Z  INFO scan_sources: tailwindcss_oxide::scanner: Discovering "/home/dioney/Documentos/bet/frontBet/app/games/__teste__/live-match-monitor.test.tsx"
2025-11-30T21:58:58.280914Z  INFO scan_sources: tailwindcss_oxide::scanner: Discovering "/home/dioney/Documentos/bet/frontBet/app/games/__teste__/odds-heatmap.test.tsx"
2025-11-30T21:58:58.280960Z  INFO scan_sources: tailwindcss_oxide::scanner: Discovering "/home/dioney/Documentos/bet/frontBet/app/games/__teste__/penalty-analytics.test.tsx"
2025-11-30T21:58:58.281016Z  INFO scan_sources: tailwindcss_oxide::scanner: Discovering "/home/dioney/Documentos/bet/frontBet/app/types"
2025-11-30T21:58:58.281079Z  INFO scan_sources: tailwindcss_oxide::scanner: Discovering "/home/dioney/Documentos/bet/frontBet/app/types/theme.ts"
2025-11-30T21:58:58.281130Z  INFO scan_sources: tailwindcss_oxide::scanner: Discovering "/home/dioney/Documentos/bet/frontBet/app/types/i18n.ts"
2025-11-30T21:58:58.281285Z  INFO scan_sources: tailwindcss_oxide::scanner: Discovering "/home/dioney/Documentos/bet/frontBet/app/types/ui.ts"
2025-11-30T21:58:58.281320Z  INFO scan_sources: tailwindcss_oxide::scanner: Discovering "/home/dioney/Documentos/bet/frontBet/app/types/animation.ts"
2025-11-30T21:58:58.281351Z  INFO scan_sources: tailwindcss_oxide::scanner: Discovering "/home/dioney/Documentos/bet/frontBet/app/types/wallet.ts"
2025-11-30T21:58:58.281380Z  INFO scan_sources: tailwindcss_oxide::scanner: Discovering "/home/dioney/Documentos/bet/frontBet/app/types/games.ts"
2025-11-30T21:58:58.281429Z  INFO scan_sources: tailwindcss_oxide::scanner: Discovering "/home/dioney/Documentos/bet/frontBet/app/__tests__"
2025-11-30T21:58:58.281494Z  INFO scan_sources: tailwindcss_oxide::scanner: Discovering "/home/dioney/Documentos/bet/frontBet/app/__tests__/integration"
2025-11-30T21:58:58.281569Z  INFO scan_sources: tailwindcss_oxide::scanner: Discovering "/home/dioney/Documentos/bet/frontBet/app/__tests__/integration/auth.refresh.integration.test.ts"
2025-11-30T21:58:58.281608Z  INFO scan_sources: tailwindcss_oxide::scanner: Discovering "/home/dioney/Documentos/bet/frontBet/app/__tests__/integration/auth.refresh-fail.integration.test.ts"
2025-11-30T21:58:58.281641Z  INFO scan_sources: tailwindcss_oxide::scanner: Discovering "/home/dioney/Documentos/bet/frontBet/app/__tests__/integration/auth.integration.test.ts"
2025-11-30T21:58:58.281691Z  INFO scan_sources: tailwindcss_oxide::scanner: Discovering "/home/dioney/Documentos/bet/frontBet/app/theme"
2025-11-30T21:58:58.281749Z  INFO scan_sources: tailwindcss_oxide::scanner: Discovering "/home/dioney/Documentos/bet/frontBet/app/theme/theme-provider.tsx"
2025-11-30T21:58:58.281798Z  INFO scan_sources: tailwindcss_oxide::scanner: Discovering "/home/dioney/Documentos/bet/frontBet/app/theme/__teste__"
2025-11-30T21:58:58.281856Z  INFO scan_sources: tailwindcss_oxide::scanner: Discovering "/home/dioney/Documentos/bet/frontBet/app/theme/__teste__/theme-switcher.test.tsx"
2025-11-30T21:58:58.281897Z  INFO scan_sources: tailwindcss_oxide::scanner: Discovering "/home/dioney/Documentos/bet/frontBet/app/theme/theme-switcher.tsx"
2025-11-30T21:58:58.281941Z  INFO scan_sources: tailwindcss_oxide::scanner: Discovering "/home/dioney/Documentos/bet/frontBet/app/styles"
2025-11-30T21:58:58.282004Z  INFO scan_sources: tailwindcss_oxide::scanner: Discovering "/home/dioney/Documentos/bet/frontBet/app/styles/tokens.css"
2025-11-30T21:58:58.282056Z  INFO scan_sources: tailwindcss_oxide::scanner: Discovering "/home/dioney/Documentos/bet/frontBet/app/routes"
2025-11-30T21:58:58.282118Z  INFO scan_sources: tailwindcss_oxide::scanner: Discovering "/home/dioney/Documentos/bet/frontBet/app/routes/games.tsx"
2025-11-30T21:58:58.282165Z  INFO scan_sources: tailwindcss_oxide::scanner: Discovering "/home/dioney/Documentos/bet/frontBet/app/routes/contato.tsx"
2025-11-30T21:58:58.282198Z  INFO scan_sources: tailwindcss_oxide::scanner: Discovering "/home/dioney/Documentos/bet/frontBet/app/routes/jogos.tsx"
2025-11-30T21:58:58.282232Z  INFO scan_sources: tailwindcss_oxide::scanner: Discovering "/home/dioney/Documentos/bet/frontBet/app/routes/carteira.tsx"
2025-11-30T21:58:58.282264Z  INFO scan_sources: tailwindcss_oxide::scanner: Discovering "/home/dioney/Documentos/bet/frontBet/app/routes/perfil.atividade.tsx"
2025-11-30T21:58:58.282295Z  INFO scan_sources: tailwindcss_oxide::scanner: Discovering "/home/dioney/Documentos/bet/frontBet/app/routes/games.$slug.tsx"
2025-11-30T21:58:58.282324Z  INFO scan_sources: tailwindcss_oxide::scanner: Discovering "/home/dioney/Documentos/bet/frontBet/app/routes/loja.tsx"
2025-11-30T21:58:58.282354Z  INFO scan_sources: tailwindcss_oxide::scanner: Discovering "/home/dioney/Documentos/bet/frontBet/app/routes/perfil.tsx"
2025-11-30T21:58:58.282381Z  INFO scan_sources: tailwindcss_oxide::scanner: Discovering "/home/dioney/Documentos/bet/frontBet/app/routes/auditoria.tsx"
2025-11-30T21:58:58.282412Z  INFO scan_sources: tailwindcss_oxide::scanner: Discovering "/home/dioney/Documentos/bet/frontBet/app/routes/sobre.tsx"
2025-11-30T21:58:58.282450Z  INFO scan_sources: tailwindcss_oxide::scanner: Discovering "/home/dioney/Documentos/bet/frontBet/app/routes/home.tsx"
2025-11-30T21:58:58.282482Z  INFO scan_sources: tailwindcss_oxide::scanner: Discovering "/home/dioney/Documentos/bet/frontBet/app/routes/login.tsx"
2025-11-30T21:58:58.282529Z  INFO scan_sources: tailwindcss_oxide::scanner: Discovering "/home/dioney/Documentos/bet/frontBet/app/i18n"
2025-11-30T21:58:58.282599Z  INFO scan_sources: tailwindcss_oxide::scanner: Discovering "/home/dioney/Documentos/bet/frontBet/app/i18n/locales"
2025-11-30T21:58:58.282661Z  INFO scan_sources: tailwindcss_oxide::scanner: Discovering "/home/dioney/Documentos/bet/frontBet/app/i18n/locales/es.json"
2025-11-30T21:58:58.282700Z  INFO scan_sources: tailwindcss_oxide::scanner: Discovering "/home/dioney/Documentos/bet/frontBet/app/i18n/locales/en.json"
2025-11-30T21:58:58.282734Z  INFO scan_sources: tailwindcss_oxide::scanner: Discovering "/home/dioney/Documentos/bet/frontBet/app/i18n/locales/ptmz.json"
2025-11-30T21:58:58.282766Z  INFO scan_sources: tailwindcss_oxide::scanner: Discovering "/home/dioney/Documentos/bet/frontBet/app/i18n/locales/ptbr.json"
2025-11-30T21:58:58.282802Z  INFO scan_sources: tailwindcss_oxide::scanner: Discovering "/home/dioney/Documentos/bet/frontBet/app/i18n/page-copy.ts"
2025-11-30T21:58:58.282831Z  INFO scan_sources: tailwindcss_oxide::scanner: Discovering "/home/dioney/Documentos/bet/frontBet/app/i18n/i18n-provider.tsx"
2025-11-30T21:58:58.282859Z  INFO scan_sources: tailwindcss_oxide::scanner: Discovering "/home/dioney/Documentos/bet/frontBet/app/i18n/config.ts"
2025-11-30T21:58:58.282887Z  INFO scan_sources: tailwindcss_oxide::scanner: Discovering "/home/dioney/Documentos/bet/frontBet/app/i18n/language-switcher.tsx"
2025-11-30T21:58:58.282933Z  INFO scan_sources: tailwindcss_oxide::scanner: Discovering "/home/dioney/Documentos/bet/frontBet/app/components"
2025-11-30T21:58:58.282997Z  INFO scan_sources: tailwindcss_oxide::scanner: Discovering "/home/dioney/Documentos/bet/frontBet/app/components/ToastProvider.tsx"
2025-11-30T21:58:58.283049Z  INFO scan_sources: tailwindcss_oxide::scanner: Discovering "/home/dioney/Documentos/bet/frontBet/app/components/__teste__"
2025-11-30T21:58:58.283110Z  INFO scan_sources: tailwindcss_oxide::scanner: Discovering "/home/dioney/Documentos/bet/frontBet/app/components/__teste__/site-header.test.tsx"
2025-11-30T21:58:58.283216Z  INFO scan_sources: tailwindcss_oxide::scanner: Discovering "/home/dioney/Documentos/bet/frontBet/app/components/__teste__/site-footer.test.tsx"
2025-11-30T21:58:58.283251Z  INFO scan_sources: tailwindcss_oxide::scanner: Discovering "/home/dioney/Documentos/bet/frontBet/app/components/__teste__/clerk-signout.test.tsx"
2025-11-30T21:58:58.283283Z  INFO scan_sources: tailwindcss_oxide::scanner: Discovering "/home/dioney/Documentos/bet/frontBet/app/components/__teste__/page-shell.test.tsx"
2025-11-30T21:58:58.283316Z  INFO scan_sources: tailwindcss_oxide::scanner: Discovering "/home/dioney/Documentos/bet/frontBet/app/components/__teste__/clerk-token-registrar.test.tsx"
2025-11-30T21:58:58.283350Z  INFO scan_sources: tailwindcss_oxide::scanner: Discovering "/home/dioney/Documentos/bet/frontBet/app/components/__teste__/site-sidebar.test.tsx"
2025-11-30T21:58:58.283390Z  INFO scan_sources: tailwindcss_oxide::scanner: Discovering "/home/dioney/Documentos/bet/frontBet/app/components/page-shell.tsx"
2025-11-30T21:58:58.283432Z  INFO scan_sources: tailwindcss_oxide::scanner: Discovering "/home/dioney/Documentos/bet/frontBet/app/components/animation"
2025-11-30T21:58:58.283492Z  INFO scan_sources: tailwindcss_oxide::scanner: Discovering "/home/dioney/Documentos/bet/frontBet/app/components/animation/motion-presets.tsx"
2025-11-30T21:58:58.283526Z  INFO scan_sources: tailwindcss_oxide::scanner: Discovering "/home/dioney/Documentos/bet/frontBet/app/components/animation/index.ts"
2025-11-30T21:58:58.283563Z  INFO scan_sources: tailwindcss_oxide::scanner: Discovering "/home/dioney/Documentos/bet/frontBet/app/components/site-footer.tsx"
2025-11-30T21:58:58.283612Z  INFO scan_sources: tailwindcss_oxide::scanner: Discovering "/home/dioney/Documentos/bet/frontBet/app/components/site-header.tsx"
2025-11-30T21:58:58.283645Z  INFO scan_sources: tailwindcss_oxide::scanner: Discovering "/home/dioney/Documentos/bet/frontBet/app/components/site-sidebar.tsx"
2025-11-30T21:58:58.283675Z  INFO scan_sources: tailwindcss_oxide::scanner: Discovering "/home/dioney/Documentos/bet/frontBet/app/components/clerk-token-registrar.tsx"
2025-11-30T21:58:58.283716Z  INFO scan_sources: tailwindcss_oxide::scanner: Discovering "/home/dioney/Documentos/bet/frontBet/app/components/ui"
2025-11-30T21:58:58.283777Z  INFO scan_sources: tailwindcss_oxide::scanner: Discovering "/home/dioney/Documentos/bet/frontBet/app/components/ui/card.tsx"
2025-11-30T21:58:58.283816Z  INFO scan_sources: tailwindcss_oxide::scanner: Discovering "/home/dioney/Documentos/bet/frontBet/app/components/ui/modal.tsx"
2025-11-30T21:58:58.283845Z  INFO scan_sources: tailwindcss_oxide::scanner: Discovering "/home/dioney/Documentos/bet/frontBet/app/components/ui/input.tsx"
2025-11-30T21:58:58.283878Z  INFO scan_sources: tailwindcss_oxide::scanner: Discovering "/home/dioney/Documentos/bet/frontBet/app/components/ui/toggle.tsx"
2025-11-30T21:58:58.283916Z  INFO scan_sources: tailwindcss_oxide::scanner: Discovering "/home/dioney/Documentos/bet/frontBet/app/components/ui/button.tsx"
2025-11-30T21:58:58.283967Z  INFO scan_sources: tailwindcss_oxide::scanner: Discovering "/home/dioney/Documentos/bet/frontBet/app/app.css"
2025-11-30T21:58:58.283998Z  INFO scan_sources: tailwindcss_oxide::scanner: Discovering "/home/dioney/Documentos/bet/frontBet/app/root.tsx"
2025-11-30T21:58:58.284034Z  INFO scan_sources: tailwindcss_oxide::scanner: Discovering "/home/dioney/Documentos/bet/frontBet/app/stores"
2025-11-30T21:58:58.284099Z  INFO scan_sources: tailwindcss_oxide::scanner: Discovering "/home/dioney/Documentos/bet/frontBet/app/stores/useWalletStore.ts"
2025-11-30T21:58:58.284186Z  INFO scan_sources: tailwindcss_oxide::scanner: Discovering "/home/dioney/Documentos/bet/frontBet/userTestClerk.txt"
2025-11-30T21:58:58.284225Z  INFO scan_sources: tailwindcss_oxide::scanner: Discovering "/home/dioney/Documentos/bet/frontBet/vite.config.ts"
2025-11-30T21:58:58.284254Z  INFO scan_sources: tailwindcss_oxide::scanner: Discovering "/home/dioney/Documentos/bet/frontBet/README.md"
2025-11-30T21:58:58.284279Z  INFO scan_sources: tailwindcss_oxide::scanner: Discovering "/home/dioney/Documentos/bet/frontBet/react-router.config.ts"
2025-11-30T21:58:58.284315Z  INFO scan_sources: tailwindcss_oxide::scanner: Discovering "/home/dioney/Documentos/bet/frontBet/scripts"
2025-11-30T21:58:58.284372Z  INFO scan_sources: tailwindcss_oxide::scanner: Discovering "/home/dioney/Documentos/bet/frontBet/scripts/debug-msw.js"
2025-11-30T21:58:58.284413Z  INFO scan_sources: tailwindcss_oxide::scanner: Discovering "/home/dioney/Documentos/bet/frontBet/scripts/generate-zod-schemas.ts"
2025-11-30T21:58:58.284443Z  INFO scan_sources: tailwindcss_oxide::scanner: Discovering "/home/dioney/Documentos/bet/frontBet/scripts/export-translations.ts"
2025-11-30T21:58:58.284470Z  INFO scan_sources: tailwindcss_oxide::scanner: Discovering "/home/dioney/Documentos/bet/frontBet/scripts/check-backend.js"
2025-11-30T21:58:58.284513Z  INFO scan_sources: tailwindcss_oxide::scanner: Discovering "/home/dioney/Documentos/bet/frontBet/tests"
2025-11-30T21:58:58.284574Z  INFO scan_sources: tailwindcss_oxide::scanner: Discovering "/home/dioney/Documentos/bet/frontBet/tests/integration"
2025-11-30T21:58:58.284637Z  INFO scan_sources: tailwindcss_oxide::scanner: Discovering "/home/dioney/Documentos/bet/frontBet/tests/integration/auth.refresh.integration.test.ts"
2025-11-30T21:58:58.284674Z  INFO scan_sources: tailwindcss_oxide::scanner: Discovering "/home/dioney/Documentos/bet/frontBet/tests/integration/wallet.integration.test.tsx"
2025-11-30T21:58:58.284715Z  INFO scan_sources: tailwindcss_oxide::scanner: Discovering "/home/dioney/Documentos/bet/frontBet/tests/integration/auth.refresh-fail.integration.test.ts"
2025-11-30T21:58:58.284755Z  INFO scan_sources: tailwindcss_oxide::scanner: Discovering "/home/dioney/Documentos/bet/frontBet/tests/integration/auth.integration.test.ts"
2025-11-30T21:58:58.284824Z  INFO scan_sources: tailwindcss_oxide::scanner: exit
2025-11-30T21:58:58.284838Z  INFO extract_candidates: tailwindcss_oxide::scanner: enter
2025-11-30T21:58:58.284856Z  INFO extract_candidates:read_all_files: tailwindcss_oxide::scanner: enter
2025-11-30T21:58:58.284865Z  INFO extract_candidates:read_all_files: tailwindcss_oxide::scanner: Reading 122 file(s)
2025-11-30T21:58:58.285317Z  INFO tailwindcss_oxide::scanner: Reading "/home/dioney/Documentos/bet/frontBet/docs/localization.mdx"
2025-11-30T21:58:58.285318Z  INFO tailwindcss_oxide::scanner: Reading "/home/dioney/Documentos/bet/frontBet/app/types/wallet.ts"
2025-11-30T21:58:58.285512Z  INFO tailwindcss_oxide::scanner: Reading "/home/dioney/Documentos/bet/frontBet/docs/lib-migration.md"
2025-11-30T21:58:58.285534Z  INFO tailwindcss_oxide::scanner: Reading "/home/dioney/Documentos/bet/frontBet/app/types/games.ts"
2025-11-30T21:58:58.285541Z  INFO tailwindcss_oxide::scanner: Reading "/home/dioney/Documentos/bet/frontBet/docs/backend-integration-migration-plan.mdx"
2025-11-30T21:58:58.285558Z  INFO tailwindcss_oxide::scanner: Reading "/home/dioney/Documentos/bet/frontBet/app/__tests__/integration/auth.refresh.integration.test.ts"
2025-11-30T21:58:58.285574Z  INFO tailwindcss_oxide::scanner: Reading "/home/dioney/Documentos/bet/frontBet/docs/architecture.mdx"
2025-11-30T21:58:58.285581Z  INFO tailwindcss_oxide::scanner: Reading "/home/dioney/Documentos/bet/frontBet/app/__tests__/integration/auth.refresh-fail.integration.test.ts"
2025-11-30T21:58:58.285601Z  INFO tailwindcss_oxide::scanner: Reading "/home/dioney/Documentos/bet/frontBet/docs/overview.mdx"
2025-11-30T21:58:58.285609Z  INFO tailwindcss_oxide::scanner: Reading "/home/dioney/Documentos/bet/frontBet/app/__tests__/integration/auth.integration.test.ts"
2025-11-30T21:58:58.285628Z  INFO tailwindcss_oxide::scanner: Reading "/home/dioney/Documentos/bet/frontBet/docs/modularidade.mdx"
2025-11-30T21:58:58.285643Z  INFO tailwindcss_oxide::scanner: Reading "/home/dioney/Documentos/bet/frontBet/app/theme/theme-provider.tsx"
2025-11-30T21:58:58.285660Z  INFO tailwindcss_oxide::scanner: Reading "/home/dioney/Documentos/bet/frontBet/vitest.setup.ts"
2025-11-30T21:58:58.285663Z  INFO tailwindcss_oxide::scanner: Reading "/home/dioney/Documentos/bet/frontBet/app/theme/__teste__/theme-switcher.test.tsx"
2025-11-30T21:58:58.285680Z  INFO tailwindcss_oxide::scanner: Reading "/home/dioney/Documentos/bet/frontBet/.lintstagedrc.json"
2025-11-30T21:58:58.285686Z  INFO tailwindcss_oxide::scanner: Reading "/home/dioney/Documentos/bet/frontBet/app/theme/theme-switcher.tsx"
2025-11-30T21:58:58.285699Z  INFO tailwindcss_oxide::scanner: Reading "/home/dioney/Documentos/bet/frontBet/tsconfig.json"
2025-11-30T21:58:58.285332Z  INFO tailwindcss_oxide::scanner: Reading "/home/dioney/Documentos/bet/frontBet/app/lib/api/clients/markets.ts"
2025-11-30T21:58:58.285717Z  INFO tailwindcss_oxide::scanner: Reading "/home/dioney/Documentos/bet/frontBet/app/routes/games.tsx"
2025-11-30T21:58:58.285720Z  INFO tailwindcss_oxide::scanner: Reading "/home/dioney/Documentos/bet/frontBet/package.json"
2025-11-30T21:58:58.285742Z  INFO tailwindcss_oxide::scanner: Reading "/home/dioney/Documentos/bet/frontBet/app/lib/api/clients/wallet.ts"
2025-11-30T21:58:58.285749Z  INFO tailwindcss_oxide::scanner: Reading "/home/dioney/Documentos/bet/frontBet/.dockerignore"
2025-11-30T21:58:58.285775Z  INFO tailwindcss_oxide::scanner: Reading "/home/dioney/Documentos/bet/frontBet/eslint.config.js"
2025-11-30T21:58:58.285795Z  INFO tailwindcss_oxide::scanner: Reading "/home/dioney/Documentos/bet/frontBet/.eslintrc.json"
2025-11-30T21:58:58.285826Z  INFO tailwindcss_oxide::scanner: Reading "/home/dioney/Documentos/bet/frontBet/.github/workflows/ci.yml"
2025-11-30T21:58:58.285849Z  INFO tailwindcss_oxide::scanner: Reading "/home/dioney/Documentos/bet/frontBet/.env.example"
2025-11-30T21:58:58.285746Z  INFO tailwindcss_oxide::scanner: Reading "/home/dioney/Documentos/bet/frontBet/app/routes/contato.tsx"
2025-11-30T21:58:58.285879Z  INFO tailwindcss_oxide::scanner: Reading "/home/dioney/Documentos/bet/frontBet/.prettierrc"
2025-11-30T21:58:58.285467Z  INFO tailwindcss_oxide::scanner: Reading "/home/dioney/Documentos/bet/frontBet/app/lib/auth.ts"
2025-11-30T21:58:58.285899Z  INFO tailwindcss_oxide::scanner: Reading "/home/dioney/Documentos/bet/frontBet/app/hooks/useGameStats.ts"
2025-11-30T21:58:58.285893Z  INFO tailwindcss_oxide::scanner: Reading "/home/dioney/Documentos/bet/frontBet/app/routes/jogos.tsx"
2025-11-30T21:58:58.285923Z  INFO tailwindcss_oxide::scanner: Reading "/home/dioney/Documentos/bet/frontBet/app/hooks/__teste__/useGameLoader.test.tsx"
2025-11-30T21:58:58.285923Z  INFO tailwindcss_oxide::scanner: Reading "/home/dioney/Documentos/bet/frontBet/app/lib/cn.ts"
2025-11-30T21:58:58.285943Z  INFO tailwindcss_oxide::scanner: Reading "/home/dioney/Documentos/bet/frontBet/app/hooks/__teste__/useGameStats.test.ts"
2025-11-30T21:58:58.285949Z  INFO tailwindcss_oxide::scanner: Reading "/home/dioney/Documentos/bet/frontBet/app/lib/index.ts"
2025-11-30T21:58:58.285963Z  INFO tailwindcss_oxide::scanner: Reading "/home/dioney/Documentos/bet/frontBet/app/hooks/useWallet.tsx"
2025-11-30T21:58:58.285965Z  INFO tailwindcss_oxide::scanner: Reading "/home/dioney/Documentos/bet/frontBet/app/routes/carteira.tsx"
2025-11-30T21:58:58.285977Z  INFO tailwindcss_oxide::scanner: Reading "/home/dioney/Documentos/bet/frontBet/app/utils/auth.server.ts"
2025-11-30T21:58:58.285982Z  INFO tailwindcss_oxide::scanner: Reading "/home/dioney/Documentos/bet/frontBet/app/hooks/useGameLoader.ts"
2025-11-30T21:58:58.286004Z  INFO tailwindcss_oxide::scanner: Reading "/home/dioney/Documentos/bet/frontBet/app/hooks/useGames.ts"
2025-11-30T21:58:58.286003Z  INFO tailwindcss_oxide::scanner: Reading "/home/dioney/Documentos/bet/frontBet/app/data/game-registry.ts"
2025-11-30T21:58:58.286010Z  INFO tailwindcss_oxide::scanner: Reading "/home/dioney/Documentos/bet/frontBet/app/routes/perfil.atividade.tsx"
2025-11-30T21:58:58.286026Z  INFO tailwindcss_oxide::scanner: Reading "/home/dioney/Documentos/bet/frontBet/app/routes.ts"
2025-11-30T21:58:58.286036Z  INFO tailwindcss_oxide::scanner: Reading "/home/dioney/Documentos/bet/frontBet/app/routes/games.$slug.tsx"
2025-11-30T21:58:58.286036Z  INFO tailwindcss_oxide::scanner: Reading "/home/dioney/Documentos/bet/frontBet/app/data/__teste__/game-registry.test.ts"
2025-11-30T21:58:58.286053Z  INFO tailwindcss_oxide::scanner: Reading "/home/dioney/Documentos/bet/frontBet/app/lib/schemas/generated-schemas.ts"
2025-11-30T21:58:58.286058Z  INFO tailwindcss_oxide::scanner: Reading "/home/dioney/Documentos/bet/frontBet/app/routes/loja.tsx"
2025-11-30T21:58:58.286063Z  INFO tailwindcss_oxide::scanner: Reading "/home/dioney/Documentos/bet/frontBet/app/games/odds-heatmap.tsx"
2025-11-30T21:58:58.286078Z  INFO tailwindcss_oxide::scanner: Reading "/home/dioney/Documentos/bet/frontBet/app/lib/backend-check.tsx"
2025-11-30T21:58:58.286086Z  INFO tailwindcss_oxide::scanner: Reading "/home/dioney/Documentos/bet/frontBet/app/routes/perfil.tsx"
2025-11-30T21:58:58.286091Z  INFO tailwindcss_oxide::scanner: Reading "/home/dioney/Documentos/bet/frontBet/app/games/penalty-analytics.tsx"
2025-11-30T21:58:58.286101Z  INFO tailwindcss_oxide::scanner: Reading "/home/dioney/Documentos/bet/frontBet/app/lib/api/schemas/generated-schemas.ts"
2025-11-30T21:58:58.286140Z  INFO tailwindcss_oxide::scanner: Reading "/home/dioney/Documentos/bet/frontBet/app/games/live-match-monitor.tsx"
2025-11-30T21:58:58.286142Z  INFO tailwindcss_oxide::scanner: Reading "/home/dioney/Documentos/bet/frontBet/app/routes/auditoria.tsx"
2025-11-30T21:58:58.286166Z  INFO tailwindcss_oxide::scanner: Reading "/home/dioney/Documentos/bet/frontBet/app/games/__teste__/live-match-monitor.test.tsx"
2025-11-30T21:58:58.286174Z  INFO tailwindcss_oxide::scanner: Reading "/home/dioney/Documentos/bet/frontBet/app/routes/sobre.tsx"
2025-11-30T21:58:58.286192Z  INFO tailwindcss_oxide::scanner: Reading "/home/dioney/Documentos/bet/frontBet/app/games/__teste__/odds-heatmap.test.tsx"
2025-11-30T21:58:58.286207Z  INFO tailwindcss_oxide::scanner: Reading "/home/dioney/Documentos/bet/frontBet/app/routes/home.tsx"
2025-11-30T21:58:58.286227Z  INFO tailwindcss_oxide::scanner: Reading "/home/dioney/Documentos/bet/frontBet/app/games/__teste__/penalty-analytics.test.tsx"
2025-11-30T21:58:58.286244Z  INFO tailwindcss_oxide::scanner: Reading "/home/dioney/Documentos/bet/frontBet/app/routes/login.tsx"
2025-11-30T21:58:58.286251Z  INFO tailwindcss_oxide::scanner: Reading "/home/dioney/Documentos/bet/frontBet/app/types/theme.ts"
2025-11-30T21:58:58.286275Z  INFO tailwindcss_oxide::scanner: Reading "/home/dioney/Documentos/bet/frontBet/app/types/i18n.ts"
2025-11-30T21:58:58.286299Z  INFO tailwindcss_oxide::scanner: Reading "/home/dioney/Documentos/bet/frontBet/app/types/ui.ts"
2025-11-30T21:58:58.286298Z  INFO tailwindcss_oxide::scanner: Reading "/home/dioney/Documentos/bet/frontBet/app/i18n/locales/es.json"
2025-11-30T21:58:58.286335Z  INFO tailwindcss_oxide::scanner: Reading "/home/dioney/Documentos/bet/frontBet/app/types/animation.ts"
2025-11-30T21:58:58.286361Z  INFO tailwindcss_oxide::scanner: Reading "/home/dioney/Documentos/bet/frontBet/app/components/__teste__/site-footer.test.tsx"
2025-11-30T21:58:58.286386Z  INFO tailwindcss_oxide::scanner: Reading "/home/dioney/Documentos/bet/frontBet/app/components/__teste__/clerk-signout.test.tsx"
2025-11-30T21:58:58.286404Z  INFO tailwindcss_oxide::scanner: Reading "/home/dioney/Documentos/bet/frontBet/app/components/__teste__/page-shell.test.tsx"
2025-11-30T21:58:58.286422Z  INFO tailwindcss_oxide::scanner: Reading "/home/dioney/Documentos/bet/frontBet/app/i18n/locales/en.json"
2025-11-30T21:58:58.286426Z  INFO tailwindcss_oxide::scanner: Reading "/home/dioney/Documentos/bet/frontBet/app/components/__teste__/clerk-token-registrar.test.tsx"
2025-11-30T21:58:58.286457Z  INFO tailwindcss_oxide::scanner: Reading "/home/dioney/Documentos/bet/frontBet/app/components/__teste__/site-sidebar.test.tsx"
2025-11-30T21:58:58.286480Z  INFO tailwindcss_oxide::scanner: Reading "/home/dioney/Documentos/bet/frontBet/app/components/page-shell.tsx"
2025-11-30T21:58:58.286501Z  INFO tailwindcss_oxide::scanner: Reading "/home/dioney/Documentos/bet/frontBet/app/components/animation/motion-presets.tsx"
2025-11-30T21:58:58.286525Z  INFO tailwindcss_oxide::scanner: Reading "/home/dioney/Documentos/bet/frontBet/app/components/animation/index.ts"
2025-11-30T21:58:58.286542Z  INFO tailwindcss_oxide::scanner: Reading "/home/dioney/Documentos/bet/frontBet/app/i18n/locales/ptmz.json"
2025-11-30T21:58:58.286548Z  INFO tailwindcss_oxide::scanner: Reading "/home/dioney/Documentos/bet/frontBet/app/components/site-footer.tsx"
2025-11-30T21:58:58.286576Z  INFO tailwindcss_oxide::scanner: Reading "/home/dioney/Documentos/bet/frontBet/app/components/site-header.tsx"
2025-11-30T21:58:58.286599Z  INFO tailwindcss_oxide::scanner: Reading "/home/dioney/Documentos/bet/frontBet/app/components/site-sidebar.tsx"
2025-11-30T21:58:58.286637Z  INFO tailwindcss_oxide::scanner: Reading "/home/dioney/Documentos/bet/frontBet/app/components/clerk-token-registrar.tsx"
2025-11-30T21:58:58.286663Z  INFO tailwindcss_oxide::scanner: Reading "/home/dioney/Documentos/bet/frontBet/app/i18n/locales/ptbr.json"
2025-11-30T21:58:58.286688Z  INFO tailwindcss_oxide::scanner: Reading "/home/dioney/Documentos/bet/frontBet/app/lib/api/clients/games.ts"
2025-11-30T21:58:58.286712Z  INFO tailwindcss_oxide::scanner: Reading "/home/dioney/Documentos/bet/frontBet/app/lib/api/clients/transactions.ts"
2025-11-30T21:58:58.286742Z  INFO tailwindcss_oxide::scanner: Reading "/home/dioney/Documentos/bet/frontBet/app/lib/api/clients/users.ts"
2025-11-30T21:58:58.286761Z  INFO tailwindcss_oxide::scanner: Reading "/home/dioney/Documentos/bet/frontBet/app/lib/api/clients/auth.ts"
2025-11-30T21:58:58.286775Z  INFO tailwindcss_oxide::scanner: Reading "/home/dioney/Documentos/bet/frontBet/app/i18n/page-copy.ts"
2025-11-30T21:58:58.286788Z  INFO tailwindcss_oxide::scanner: Reading "/home/dioney/Documentos/bet/frontBet/app/lib/api/clients/reports.ts"
2025-11-30T21:58:58.286810Z  INFO tailwindcss_oxide::scanner: Reading "/home/dioney/Documentos/bet/frontBet/app/i18n/i18n-provider.tsx"
2025-11-30T21:58:58.286813Z  INFO tailwindcss_oxide::scanner: Reading "/home/dioney/Documentos/bet/frontBet/app/lib/api/clients/bets.ts"
2025-11-30T21:58:58.286834Z  INFO tailwindcss_oxide::scanner: Reading "/home/dioney/Documentos/bet/frontBet/app/i18n/config.ts"
2025-11-30T21:58:58.286841Z  INFO tailwindcss_oxide::scanner: Reading "/home/dioney/Documentos/bet/frontBet/app/lib/api/index.ts"
2025-11-30T21:58:58.286861Z  INFO tailwindcss_oxide::scanner: Reading "/home/dioney/Documentos/bet/frontBet/app/i18n/language-switcher.tsx"
2025-11-30T21:58:58.286870Z  INFO tailwindcss_oxide::scanner: Reading "/home/dioney/Documentos/bet/frontBet/app/lib/config.test.ts"
2025-11-30T21:58:58.286885Z  INFO tailwindcss_oxide::scanner: Reading "/home/dioney/Documentos/bet/frontBet/app/components/ToastProvider.tsx"
2025-11-30T21:58:58.286893Z  INFO tailwindcss_oxide::scanner: Reading "/home/dioney/Documentos/bet/frontBet/app/lib/error.ts"
2025-11-30T21:58:58.286912Z  INFO tailwindcss_oxide::scanner: Reading "/home/dioney/Documentos/bet/frontBet/app/components/__teste__/site-header.test.tsx"
2025-11-30T21:58:58.286936Z  INFO tailwindcss_oxide::scanner: Reading "/home/dioney/Documentos/bet/frontBet/app/lib/api-client/types.ts"
2025-11-30T21:58:58.286939Z  INFO tailwindcss_oxide::scanner: Reading "/home/dioney/Documentos/bet/frontBet/app/components/ui/toggle.tsx"
2025-11-30T21:58:58.286966Z  INFO tailwindcss_oxide::scanner: Reading "/home/dioney/Documentos/bet/frontBet/app/components/ui/button.tsx"
2025-11-30T21:58:58.286984Z  INFO tailwindcss_oxide::scanner: Reading "/home/dioney/Documentos/bet/frontBet/app/lib/__tests__/cn.test.ts"
2025-11-30T21:58:58.286992Z  INFO tailwindcss_oxide::scanner: Reading "/home/dioney/Documentos/bet/frontBet/app/root.tsx"
2025-11-30T21:58:58.287009Z  INFO tailwindcss_oxide::scanner: Reading "/home/dioney/Documentos/bet/frontBet/app/lib/token.ts"
2025-11-30T21:58:58.287015Z  INFO tailwindcss_oxide::scanner: Reading "/home/dioney/Documentos/bet/frontBet/app/stores/useWalletStore.ts"
2025-11-30T21:58:58.287040Z  INFO tailwindcss_oxide::scanner: Reading "/home/dioney/Documentos/bet/frontBet/app/lib/config.ts"
2025-11-30T21:58:58.287042Z  INFO tailwindcss_oxide::scanner: Reading "/home/dioney/Documentos/bet/frontBet/userTestClerk.txt"
2025-11-30T21:58:58.287065Z  INFO tailwindcss_oxide::scanner: Reading "/home/dioney/Documentos/bet/frontBet/vite.config.ts"
2025-11-30T21:58:58.287065Z  INFO tailwindcss_oxide::scanner: Reading "/home/dioney/Documentos/bet/frontBet/scripts/debug-msw.js"
2025-11-30T21:58:58.287089Z  INFO tailwindcss_oxide::scanner: Reading "/home/dioney/Documentos/bet/frontBet/README.md"
2025-11-30T21:58:58.287109Z  INFO tailwindcss_oxide::scanner: Reading "/home/dioney/Documentos/bet/frontBet/scripts/generate-zod-schemas.ts"
2025-11-30T21:58:58.287129Z  INFO tailwindcss_oxide::scanner: Reading "/home/dioney/Documentos/bet/frontBet/react-router.config.ts"
2025-11-30T21:58:58.287141Z  INFO tailwindcss_oxide::scanner: Reading "/home/dioney/Documentos/bet/frontBet/scripts/export-translations.ts"
2025-11-30T21:58:58.287156Z  INFO tailwindcss_oxide::scanner: Reading "/home/dioney/Documentos/bet/frontBet/app/components/ui/modal.tsx"
2025-11-30T21:58:58.287168Z  INFO tailwindcss_oxide::scanner: Reading "/home/dioney/Documentos/bet/frontBet/scripts/check-backend.js"
2025-11-30T21:58:58.287181Z  INFO tailwindcss_oxide::scanner: Reading "/home/dioney/Documentos/bet/frontBet/app/components/ui/input.tsx"
2025-11-30T21:58:58.287193Z  INFO tailwindcss_oxide::scanner: Reading "/home/dioney/Documentos/bet/frontBet/tests/integration/auth.refresh.integration.test.ts"
2025-11-30T21:58:58.287207Z  INFO tailwindcss_oxide::scanner: Reading "/home/dioney/Documentos/bet/frontBet/tests/integration/auth.refresh-fail.integration.test.ts"
2025-11-30T21:58:58.287217Z  INFO tailwindcss_oxide::scanner: Reading "/home/dioney/Documentos/bet/frontBet/tests/integration/wallet.integration.test.tsx"
2025-11-30T21:58:58.287239Z  INFO tailwindcss_oxide::scanner: Reading "/home/dioney/Documentos/bet/frontBet/tests/integration/auth.integration.test.ts"
2025-11-30T21:58:58.286141Z  INFO tailwindcss_oxide::scanner: Reading "/home/dioney/Documentos/bet/frontBet/app/lib/api/rest.ts"
2025-11-30T21:58:58.287382Z  INFO tailwindcss_oxide::scanner: Reading "/home/dioney/Documentos/bet/frontBet/app/lib/api/clients/events.ts"
2025-11-30T21:58:58.287405Z  INFO tailwindcss_oxide::scanner: Reading "/home/dioney/Documentos/bet/frontBet/app/lib/api/clients/odds.ts"
2025-11-30T21:58:58.287424Z  INFO tailwindcss_oxide::scanner: Reading "/home/dioney/Documentos/bet/frontBet/app/lib/api/clients/admin.ts"
2025-11-30T21:58:58.286664Z  INFO tailwindcss_oxide::scanner: Reading "/home/dioney/Documentos/bet/frontBet/app/components/ui/card.tsx"
2025-11-30T21:58:58.289031Z  INFO extract_candidates:read_all_files: tailwindcss_oxide::scanner: exit
2025-11-30T21:58:58.289096Z  INFO extract_candidates:parse_all_blobs: tailwindcss_oxide::scanner: enter
2025-11-30T21:58:58.289104Z  INFO extract_candidates:parse_all_blobs:extract: tailwindcss_oxide::scanner: enter
2025-11-30T21:58:58.298469Z  INFO extract_candidates:parse_all_blobs:extract: tailwindcss_oxide::scanner: exit
2025-11-30T21:58:58.298538Z  INFO extract_candidates:parse_all_blobs: tailwindcss_oxide::scanner: exit
2025-11-30T21:58:58.298549Z  INFO extract_candidates:read_all_files: tailwindcss_oxide::scanner: enter
2025-11-30T21:58:58.298555Z  INFO extract_candidates:read_all_files: tailwindcss_oxide::scanner: Reading 2 file(s)
2025-11-30T21:58:58.298618Z  INFO tailwindcss_oxide::scanner: Reading "/home/dioney/Documentos/bet/frontBet/app/app.css"
2025-11-30T21:58:58.298621Z  INFO tailwindcss_oxide::scanner: Reading "/home/dioney/Documentos/bet/frontBet/app/styles/tokens.css"
2025-11-30T21:58:58.298830Z  INFO extract_candidates:read_all_files: tailwindcss_oxide::scanner: exit
2025-11-30T21:58:58.298847Z  INFO extract_candidates:extract_css_variables: tailwindcss_oxide::scanner: enter
2025-11-30T21:58:58.298854Z  INFO extract_candidates:extract_css_variables:extract: tailwindcss_oxide::scanner: enter
2025-11-30T21:58:58.299424Z  INFO extract_candidates:extract_css_variables:extract: tailwindcss_oxide::scanner: exit
2025-11-30T21:58:58.299455Z  INFO extract_candidates:extract_css_variables: tailwindcss_oxide::scanner: exit
2025-11-30T21:58:58.306559Z  INFO extract_candidates: tailwindcss_oxide::scanner: exit
2025-11-30T21:58:58.311371Z  INFO get_files: tailwindcss_oxide::scanner: enter
2025-11-30T21:58:58.311417Z  INFO get_files:scan_sources: tailwindcss_oxide::scanner: enter
2025-11-30T21:58:58.311804Z  INFO get_files:scan_sources: tailwindcss_oxide::scanner: Discovering "/home/dioney/Documentos/bet/frontBet/docs"
2025-11-30T21:58:58.312196Z  INFO get_files:scan_sources: tailwindcss_oxide::scanner: Discovering "/home/dioney/Documentos/bet/frontBet/.github"
2025-11-30T21:58:58.312270Z  INFO get_files:scan_sources: tailwindcss_oxide::scanner: Discovering "/home/dioney/Documentos/bet/frontBet/.github/workflows"
2025-11-30T21:58:58.312397Z  INFO get_files:scan_sources: tailwindcss_oxide::scanner: Discovering "/home/dioney/Documentos/bet/frontBet/public"
2025-11-30T21:58:58.312529Z  INFO get_files:scan_sources: tailwindcss_oxide::scanner: Discovering "/home/dioney/Documentos/bet/frontBet/app"
2025-11-30T21:58:58.312607Z  INFO get_files:scan_sources: tailwindcss_oxide::scanner: Discovering "/home/dioney/Documentos/bet/frontBet/app/hooks"
2025-11-30T21:58:58.312850Z  INFO get_files:scan_sources: tailwindcss_oxide::scanner: Discovering "/home/dioney/Documentos/bet/frontBet/app/hooks/__teste__"
2025-11-30T21:58:58.313033Z  INFO get_files:scan_sources: tailwindcss_oxide::scanner: Discovering "/home/dioney/Documentos/bet/frontBet/app/lib"
2025-11-30T21:58:58.313099Z  INFO get_files:scan_sources: tailwindcss_oxide::scanner: Discovering "/home/dioney/Documentos/bet/frontBet/app/lib/schemas"
2025-11-30T21:58:58.313218Z  INFO get_files:scan_sources: tailwindcss_oxide::scanner: Discovering "/home/dioney/Documentos/bet/frontBet/app/lib/api"
2025-11-30T21:58:58.313283Z  INFO get_files:scan_sources: tailwindcss_oxide::scanner: Discovering "/home/dioney/Documentos/bet/frontBet/app/lib/api/schemas"
2025-11-30T21:58:58.313378Z  INFO get_files:scan_sources: tailwindcss_oxide::scanner: Discovering "/home/dioney/Documentos/bet/frontBet/app/lib/api/clients"
2025-11-30T21:58:58.313651Z  INFO get_files:scan_sources: tailwindcss_oxide::scanner: Discovering "/home/dioney/Documentos/bet/frontBet/app/lib/api-client"
2025-11-30T21:58:58.313730Z  INFO get_files:scan_sources: tailwindcss_oxide::scanner: Discovering "/home/dioney/Documentos/bet/frontBet/app/lib/__tests__"
2025-11-30T21:58:58.313873Z  INFO get_files:scan_sources: tailwindcss_oxide::scanner: Discovering "/home/dioney/Documentos/bet/frontBet/app/utils"
2025-11-30T21:58:58.313954Z  INFO get_files:scan_sources: tailwindcss_oxide::scanner: Discovering "/home/dioney/Documentos/bet/frontBet/app/data"
2025-11-30T21:58:58.314032Z  INFO get_files:scan_sources: tailwindcss_oxide::scanner: Discovering "/home/dioney/Documentos/bet/frontBet/app/data/__teste__"
2025-11-30T21:58:58.314139Z  INFO get_files:scan_sources: tailwindcss_oxide::scanner: Discovering "/home/dioney/Documentos/bet/frontBet/app/games"
2025-11-30T21:58:58.314255Z  INFO get_files:scan_sources: tailwindcss_oxide::scanner: Discovering "/home/dioney/Documentos/bet/frontBet/app/games/__teste__"
2025-11-30T21:58:58.314382Z  INFO get_files:scan_sources: tailwindcss_oxide::scanner: Discovering "/home/dioney/Documentos/bet/frontBet/app/types"
2025-11-30T21:58:58.314530Z  INFO get_files:scan_sources: tailwindcss_oxide::scanner: Discovering "/home/dioney/Documentos/bet/frontBet/app/__tests__"
2025-11-30T21:58:58.314601Z  INFO get_files:scan_sources: tailwindcss_oxide::scanner: Discovering "/home/dioney/Documentos/bet/frontBet/app/__tests__/integration"
2025-11-30T21:58:58.314733Z  INFO get_files:scan_sources: tailwindcss_oxide::scanner: Discovering "/home/dioney/Documentos/bet/frontBet/app/theme"
2025-11-30T21:58:58.314819Z  INFO get_files:scan_sources: tailwindcss_oxide::scanner: Discovering "/home/dioney/Documentos/bet/frontBet/app/theme/__teste__"
2025-11-30T21:58:58.314929Z  INFO get_files:scan_sources: tailwindcss_oxide::scanner: Discovering "/home/dioney/Documentos/bet/frontBet/app/styles"
2025-11-30T21:58:58.315019Z  INFO get_files:scan_sources: tailwindcss_oxide::scanner: Discovering "/home/dioney/Documentos/bet/frontBet/app/routes"
2025-11-30T21:58:58.315274Z  INFO get_files:scan_sources: tailwindcss_oxide::scanner: Discovering "/home/dioney/Documentos/bet/frontBet/app/i18n"
2025-11-30T21:58:58.315347Z  INFO get_files:scan_sources: tailwindcss_oxide::scanner: Discovering "/home/dioney/Documentos/bet/frontBet/app/i18n/locales"
2025-11-30T21:58:58.315536Z  INFO get_files:scan_sources: tailwindcss_oxide::scanner: Discovering "/home/dioney/Documentos/bet/frontBet/app/components"
2025-11-30T21:58:58.315631Z  INFO get_files:scan_sources: tailwindcss_oxide::scanner: Discovering "/home/dioney/Documentos/bet/frontBet/app/components/__teste__"
2025-11-30T21:58:58.315810Z  INFO get_files:scan_sources: tailwindcss_oxide::scanner: Discovering "/home/dioney/Documentos/bet/frontBet/app/components/animation"
2025-11-30T21:58:58.315970Z  INFO get_files:scan_sources: tailwindcss_oxide::scanner: Discovering "/home/dioney/Documentos/bet/frontBet/app/components/ui"
2025-11-30T21:58:58.316147Z  INFO get_files:scan_sources: tailwindcss_oxide::scanner: Discovering "/home/dioney/Documentos/bet/frontBet/app/stores"
2025-11-30T21:58:58.316285Z  INFO get_files:scan_sources: tailwindcss_oxide::scanner: Discovering "/home/dioney/Documentos/bet/frontBet/scripts"
2025-11-30T21:58:58.316408Z  INFO get_files:scan_sources: tailwindcss_oxide::scanner: Discovering "/home/dioney/Documentos/bet/frontBet/tests"
2025-11-30T21:58:58.316465Z  INFO get_files:scan_sources: tailwindcss_oxide::scanner: Discovering "/home/dioney/Documentos/bet/frontBet/tests/integration"
2025-11-30T21:58:58.316618Z  INFO get_files:scan_sources: tailwindcss_oxide::scanner: exit
2025-11-30T21:58:58.316762Z  INFO get_files: tailwindcss_oxide::scanner: exit
2025-11-30T21:58:58.317447Z  INFO get_globs: tailwindcss_oxide::scanner: enter
2025-11-30T21:58:58.317474Z  INFO get_globs:scan_sources: tailwindcss_oxide::scanner: enter
2025-11-30T21:58:58.317915Z  INFO get_globs:scan_sources: tailwindcss_oxide::scanner: Discovering "/home/dioney/Documentos/bet/frontBet/docs"
2025-11-30T21:58:58.319727Z  INFO get_globs:scan_sources: tailwindcss_oxide::scanner: Discovering "/home/dioney/Documentos/bet/frontBet/.github"
2025-11-30T21:58:58.319812Z  INFO get_globs:scan_sources: tailwindcss_oxide::scanner: Discovering "/home/dioney/Documentos/bet/frontBet/.github/workflows"
2025-11-30T21:58:58.319937Z  INFO get_globs:scan_sources: tailwindcss_oxide::scanner: Discovering "/home/dioney/Documentos/bet/frontBet/public"
2025-11-30T21:58:58.320071Z  INFO get_globs:scan_sources: tailwindcss_oxide::scanner: Discovering "/home/dioney/Documentos/bet/frontBet/app"
2025-11-30T21:58:58.320155Z  INFO get_globs:scan_sources: tailwindcss_oxide::scanner: Discovering "/home/dioney/Documentos/bet/frontBet/app/hooks"
2025-11-30T21:58:58.321198Z  INFO get_globs:scan_sources: tailwindcss_oxide::scanner: Discovering "/home/dioney/Documentos/bet/frontBet/app/hooks/__teste__"
2025-11-30T21:58:58.321393Z  INFO get_globs:scan_sources: tailwindcss_oxide::scanner: Discovering "/home/dioney/Documentos/bet/frontBet/app/lib"
2025-11-30T21:58:58.321472Z  INFO get_globs:scan_sources: tailwindcss_oxide::scanner: Discovering "/home/dioney/Documentos/bet/frontBet/app/lib/schemas"
2025-11-30T21:58:58.321574Z  INFO get_globs:scan_sources: tailwindcss_oxide::scanner: Discovering "/home/dioney/Documentos/bet/frontBet/app/lib/api"
2025-11-30T21:58:58.321655Z  INFO get_globs:scan_sources: tailwindcss_oxide::scanner: Discovering "/home/dioney/Documentos/bet/frontBet/app/lib/api/schemas"
2025-11-30T21:58:58.321765Z  INFO get_globs:scan_sources: tailwindcss_oxide::scanner: Discovering "/home/dioney/Documentos/bet/frontBet/app/lib/api/clients"
2025-11-30T21:58:58.322047Z  INFO get_globs:scan_sources: tailwindcss_oxide::scanner: Discovering "/home/dioney/Documentos/bet/frontBet/app/lib/api-client"
2025-11-30T21:58:58.322150Z  INFO get_globs:scan_sources: tailwindcss_oxide::scanner: Discovering "/home/dioney/Documentos/bet/frontBet/app/lib/__tests__"
2025-11-30T21:58:58.322317Z  INFO get_globs:scan_sources: tailwindcss_oxide::scanner: Discovering "/home/dioney/Documentos/bet/frontBet/app/utils"
2025-11-30T21:58:58.322407Z  INFO get_globs:scan_sources: tailwindcss_oxide::scanner: Discovering "/home/dioney/Documentos/bet/frontBet/app/data"
2025-11-30T21:58:58.322492Z  INFO get_globs:scan_sources: tailwindcss_oxide::scanner: Discovering "/home/dioney/Documentos/bet/frontBet/app/data/__teste__"
2025-11-30T21:58:58.322584Z  INFO get_globs:scan_sources: tailwindcss_oxide::scanner: Discovering "/home/dioney/Documentos/bet/frontBet/app/games"
2025-11-30T21:58:58.322683Z  INFO get_globs:scan_sources: tailwindcss_oxide::scanner: Discovering "/home/dioney/Documentos/bet/frontBet/app/games/__teste__"
2025-11-30T21:58:58.322790Z  INFO get_globs:scan_sources: tailwindcss_oxide::scanner: Discovering "/home/dioney/Documentos/bet/frontBet/app/types"
2025-11-30T21:58:58.322931Z  INFO get_globs:scan_sources: tailwindcss_oxide::scanner: Discovering "/home/dioney/Documentos/bet/frontBet/app/__tests__"
2025-11-30T21:58:58.322998Z  INFO get_globs:scan_sources: tailwindcss_oxide::scanner: Discovering "/home/dioney/Documentos/bet/frontBet/app/__tests__/integration"
2025-11-30T21:58:58.323127Z  INFO get_globs:scan_sources: tailwindcss_oxide::scanner: Discovering "/home/dioney/Documentos/bet/frontBet/app/theme"
2025-11-30T21:58:58.323215Z  INFO get_globs:scan_sources: tailwindcss_oxide::scanner: Discovering "/home/dioney/Documentos/bet/frontBet/app/theme/__teste__"
2025-11-30T21:58:58.323320Z  INFO get_globs:scan_sources: tailwindcss_oxide::scanner: Discovering "/home/dioney/Documentos/bet/frontBet/app/styles"
2025-11-30T21:58:58.323413Z  INFO get_globs:scan_sources: tailwindcss_oxide::scanner: Discovering "/home/dioney/Documentos/bet/frontBet/app/routes"
2025-11-30T21:58:58.323647Z  INFO get_globs:scan_sources: tailwindcss_oxide::scanner: Discovering "/home/dioney/Documentos/bet/frontBet/app/i18n"
2025-11-30T21:58:58.323723Z  INFO get_globs:scan_sources: tailwindcss_oxide::scanner: Discovering "/home/dioney/Documentos/bet/frontBet/app/i18n/locales"
2025-11-30T21:58:58.323907Z  INFO get_globs:scan_sources: tailwindcss_oxide::scanner: Discovering "/home/dioney/Documentos/bet/frontBet/app/components"
2025-11-30T21:58:58.323994Z  INFO get_globs:scan_sources: tailwindcss_oxide::scanner: Discovering "/home/dioney/Documentos/bet/frontBet/app/components/__teste__"
2025-11-30T21:58:58.327212Z  INFO get_globs:scan_sources: tailwindcss_oxide::scanner: Discovering "/home/dioney/Documentos/bet/frontBet/app/components/animation"
2025-11-30T21:58:58.327396Z  INFO get_globs:scan_sources: tailwindcss_oxide::scanner: Discovering "/home/dioney/Documentos/bet/frontBet/app/components/ui"
2025-11-30T21:58:58.327588Z  INFO get_globs:scan_sources: tailwindcss_oxide::scanner: Discovering "/home/dioney/Documentos/bet/frontBet/app/stores"
2025-11-30T21:58:58.327744Z  INFO get_globs:scan_sources: tailwindcss_oxide::scanner: Discovering "/home/dioney/Documentos/bet/frontBet/scripts"
2025-11-30T21:58:58.327869Z  INFO get_globs:scan_sources: tailwindcss_oxide::scanner: Discovering "/home/dioney/Documentos/bet/frontBet/tests"
2025-11-30T21:58:58.327927Z  INFO get_globs:scan_sources: tailwindcss_oxide::scanner: Discovering "/home/dioney/Documentos/bet/frontBet/tests/integration"
2025-11-30T21:58:58.328082Z  INFO get_globs:scan_sources: tailwindcss_oxide::scanner: exit
2025-11-30T21:58:58.335980Z  INFO get_globs: tailwindcss_oxide::scanner: exit
2025-11-30T21:59:18.948697Z  INFO scan_sources: tailwindcss_oxide::scanner: enter
2025-11-30T21:59:18.949670Z  INFO scan_sources: tailwindcss_oxide::scanner: Discovering "/home/dioney/Documentos/bet/frontBet/docs"
2025-11-30T21:59:18.950437Z  INFO scan_sources: tailwindcss_oxide::scanner: Discovering "/home/dioney/Documentos/bet/frontBet/.github"
2025-11-30T21:59:18.950788Z  INFO scan_sources: tailwindcss_oxide::scanner: Discovering "/home/dioney/Documentos/bet/frontBet/.github/workflows"
2025-11-30T21:59:18.951161Z  INFO scan_sources: tailwindcss_oxide::scanner: Discovering "/home/dioney/Documentos/bet/frontBet/public"
2025-11-30T21:59:18.951527Z  INFO scan_sources: tailwindcss_oxide::scanner: Discovering "/home/dioney/Documentos/bet/frontBet/app"
2025-11-30T21:59:18.951789Z  INFO scan_sources: tailwindcss_oxide::scanner: Discovering "/home/dioney/Documentos/bet/frontBet/app/hooks"
2025-11-30T21:59:18.952057Z  INFO scan_sources: tailwindcss_oxide::scanner: Discovering "/home/dioney/Documentos/bet/frontBet/app/hooks/__teste__"
2025-11-30T21:59:18.952412Z  INFO scan_sources: tailwindcss_oxide::scanner: Discovering "/home/dioney/Documentos/bet/frontBet/app/lib"
2025-11-30T21:59:18.952665Z  INFO scan_sources: tailwindcss_oxide::scanner: Discovering "/home/dioney/Documentos/bet/frontBet/app/lib/schemas"
2025-11-30T21:59:18.952941Z  INFO scan_sources: tailwindcss_oxide::scanner: Discovering "/home/dioney/Documentos/bet/frontBet/app/lib/api"
2025-11-30T21:59:18.953193Z  INFO scan_sources: tailwindcss_oxide::scanner: Discovering "/home/dioney/Documentos/bet/frontBet/app/lib/api/schemas"
2025-11-30T21:59:18.953501Z  INFO scan_sources: tailwindcss_oxide::scanner: Discovering "/home/dioney/Documentos/bet/frontBet/app/lib/api/clients"
2025-11-30T21:59:18.954033Z  INFO scan_sources: tailwindcss_oxide::scanner: Discovering "/home/dioney/Documentos/bet/frontBet/app/lib/api-client"
2025-11-30T21:59:18.954400Z  INFO scan_sources: tailwindcss_oxide::scanner: Discovering "/home/dioney/Documentos/bet/frontBet/app/lib/__tests__"
2025-11-30T21:59:18.954736Z  INFO scan_sources: tailwindcss_oxide::scanner: Discovering "/home/dioney/Documentos/bet/frontBet/app/utils"
2025-11-30T21:59:18.955083Z  INFO scan_sources: tailwindcss_oxide::scanner: Discovering "/home/dioney/Documentos/bet/frontBet/app/data"
2025-11-30T21:59:18.955362Z  INFO scan_sources: tailwindcss_oxide::scanner: Discovering "/home/dioney/Documentos/bet/frontBet/app/data/__teste__"
2025-11-30T21:59:18.955865Z  INFO scan_sources: tailwindcss_oxide::scanner: Discovering "/home/dioney/Documentos/bet/frontBet/app/games"
2025-11-30T21:59:18.956168Z  INFO scan_sources: tailwindcss_oxide::scanner: Discovering "/home/dioney/Documentos/bet/frontBet/app/games/__teste__"
2025-11-30T21:59:18.956290Z  INFO scan_sources: tailwindcss_oxide::scanner: Discovering "/home/dioney/Documentos/bet/frontBet/app/types"
2025-11-30T21:59:18.956761Z  INFO scan_sources: tailwindcss_oxide::scanner: Discovering "/home/dioney/Documentos/bet/frontBet/app/__tests__"
2025-11-30T21:59:18.957024Z  INFO scan_sources: tailwindcss_oxide::scanner: Discovering "/home/dioney/Documentos/bet/frontBet/app/__tests__/integration"
2025-11-30T21:59:18.957383Z  INFO scan_sources: tailwindcss_oxide::scanner: Discovering "/home/dioney/Documentos/bet/frontBet/app/theme"
2025-11-30T21:59:18.957723Z  INFO scan_sources: tailwindcss_oxide::scanner: Discovering "/home/dioney/Documentos/bet/frontBet/app/theme/__teste__"
2025-11-30T21:59:18.958038Z  INFO scan_sources: tailwindcss_oxide::scanner: Discovering "/home/dioney/Documentos/bet/frontBet/app/styles"
2025-11-30T21:59:18.958228Z  INFO scan_sources: tailwindcss_oxide::scanner: Discovering "/home/dioney/Documentos/bet/frontBet/app/routes"
2025-11-30T21:59:18.959793Z  INFO scan_sources: tailwindcss_oxide::scanner: Discovering "/home/dioney/Documentos/bet/frontBet/app/i18n"
2025-11-30T21:59:18.959903Z  INFO scan_sources: tailwindcss_oxide::scanner: Discovering "/home/dioney/Documentos/bet/frontBet/app/i18n/locales"
2025-11-30T21:59:18.960113Z  INFO scan_sources: tailwindcss_oxide::scanner: Discovering "/home/dioney/Documentos/bet/frontBet/app/components"
2025-11-30T21:59:18.960916Z  INFO scan_sources: tailwindcss_oxide::scanner: Discovering "/home/dioney/Documentos/bet/frontBet/app/components/__teste__"
2025-11-30T21:59:18.961347Z  INFO scan_sources: tailwindcss_oxide::scanner: Discovering "/home/dioney/Documentos/bet/frontBet/app/components/animation"
2025-11-30T21:59:18.961503Z  INFO scan_sources: tailwindcss_oxide::scanner: Discovering "/home/dioney/Documentos/bet/frontBet/app/components/ui"
2025-11-30T21:59:18.961694Z  INFO scan_sources: tailwindcss_oxide::scanner: Discovering "/home/dioney/Documentos/bet/frontBet/app/stores"
2025-11-30T21:59:18.961838Z  INFO scan_sources: tailwindcss_oxide::scanner: Discovering "/home/dioney/Documentos/bet/frontBet/scripts"
2025-11-30T21:59:18.961961Z  INFO scan_sources: tailwindcss_oxide::scanner: Discovering "/home/dioney/Documentos/bet/frontBet/tests"
2025-11-30T21:59:18.962018Z  INFO scan_sources: tailwindcss_oxide::scanner: Discovering "/home/dioney/Documentos/bet/frontBet/tests/integration"
2025-11-30T21:59:18.962190Z  INFO scan_sources: tailwindcss_oxide::scanner: exit
2025-11-30T21:59:18.962208Z  INFO extract_candidates: tailwindcss_oxide::scanner: enter
2025-11-30T21:59:18.962215Z  INFO extract_candidates:read_all_files: tailwindcss_oxide::scanner: enter
2025-11-30T21:59:18.962221Z  INFO extract_candidates:read_all_files: tailwindcss_oxide::scanner: Reading 0 file(s)
2025-11-30T21:59:18.962229Z  INFO extract_candidates:read_all_files: tailwindcss_oxide::scanner: exit
2025-11-30T21:59:18.962236Z  INFO extract_candidates:parse_all_blobs: tailwindcss_oxide::scanner: enter
2025-11-30T21:59:18.962242Z  INFO extract_candidates:parse_all_blobs:extract: tailwindcss_oxide::scanner: enter
2025-11-30T21:59:18.962249Z  INFO extract_candidates:parse_all_blobs:extract: tailwindcss_oxide::scanner: exit
2025-11-30T21:59:18.962256Z  INFO extract_candidates:parse_all_blobs: tailwindcss_oxide::scanner: exit
2025-11-30T21:59:18.962264Z  INFO extract_candidates: tailwindcss_oxide::scanner: exit
2025-11-30T21:59:18.968857Z  INFO get_files: tailwindcss_oxide::scanner: enter
2025-11-30T21:59:18.969215Z  INFO get_files:scan_sources: tailwindcss_oxide::scanner: enter
2025-11-30T21:59:18.969896Z  INFO get_files:scan_sources: tailwindcss_oxide::scanner: Discovering "/home/dioney/Documentos/bet/frontBet/docs"
2025-11-30T21:59:18.970602Z  INFO get_files:scan_sources: tailwindcss_oxide::scanner: Discovering "/home/dioney/Documentos/bet/frontBet/.github"
2025-11-30T21:59:18.970973Z  INFO get_files:scan_sources: tailwindcss_oxide::scanner: Discovering "/home/dioney/Documentos/bet/frontBet/.github/workflows"
2025-11-30T21:59:18.971418Z  INFO get_files:scan_sources: tailwindcss_oxide::scanner: Discovering "/home/dioney/Documentos/bet/frontBet/public"
2025-11-30T21:59:18.972038Z  INFO get_files:scan_sources: tailwindcss_oxide::scanner: Discovering "/home/dioney/Documentos/bet/frontBet/app"
2025-11-30T21:59:18.972697Z  INFO get_files:scan_sources: tailwindcss_oxide::scanner: Discovering "/home/dioney/Documentos/bet/frontBet/app/hooks"
2025-11-30T21:59:18.973321Z  INFO get_files:scan_sources: tailwindcss_oxide::scanner: Discovering "/home/dioney/Documentos/bet/frontBet/app/hooks/__teste__"
2025-11-30T21:59:18.975834Z  INFO get_files:scan_sources: tailwindcss_oxide::scanner: Discovering "/home/dioney/Documentos/bet/frontBet/app/lib"
2025-11-30T21:59:18.975939Z  INFO get_files:scan_sources: tailwindcss_oxide::scanner: Discovering "/home/dioney/Documentos/bet/frontBet/app/lib/schemas"
2025-11-30T21:59:18.976041Z  INFO get_files:scan_sources: tailwindcss_oxide::scanner: Discovering "/home/dioney/Documentos/bet/frontBet/app/lib/api"
2025-11-30T21:59:18.976106Z  INFO get_files:scan_sources: tailwindcss_oxide::scanner: Discovering "/home/dioney/Documentos/bet/frontBet/app/lib/api/schemas"
2025-11-30T21:59:18.980266Z  INFO get_files:scan_sources: tailwindcss_oxide::scanner: Discovering "/home/dioney/Documentos/bet/frontBet/app/lib/api/clients"
2025-11-30T21:59:18.980589Z  INFO get_files:scan_sources: tailwindcss_oxide::scanner: Discovering "/home/dioney/Documentos/bet/frontBet/app/lib/api-client"
2025-11-30T21:59:18.980670Z  INFO get_files:scan_sources: tailwindcss_oxide::scanner: Discovering "/home/dioney/Documentos/bet/frontBet/app/lib/__tests__"
2025-11-30T21:59:18.980821Z  INFO get_files:scan_sources: tailwindcss_oxide::scanner: Discovering "/home/dioney/Documentos/bet/frontBet/app/utils"
2025-11-30T21:59:18.980895Z  INFO get_files:scan_sources: tailwindcss_oxide::scanner: Discovering "/home/dioney/Documentos/bet/frontBet/app/data"
2025-11-30T21:59:18.980966Z  INFO get_files:scan_sources: tailwindcss_oxide::scanner: Discovering "/home/dioney/Documentos/bet/frontBet/app/data/__teste__"
2025-11-30T21:59:18.981046Z  INFO get_files:scan_sources: tailwindcss_oxide::scanner: Discovering "/home/dioney/Documentos/bet/frontBet/app/games"
2025-11-30T21:59:18.981164Z  INFO get_files:scan_sources: tailwindcss_oxide::scanner: Discovering "/home/dioney/Documentos/bet/frontBet/app/games/__teste__"
2025-11-30T21:59:18.981289Z  INFO get_files:scan_sources: tailwindcss_oxide::scanner: Discovering "/home/dioney/Documentos/bet/frontBet/app/types"
2025-11-30T21:59:18.981433Z  INFO get_files:scan_sources: tailwindcss_oxide::scanner: Discovering "/home/dioney/Documentos/bet/frontBet/app/__tests__"
2025-11-30T21:59:18.981492Z  INFO get_files:scan_sources: tailwindcss_oxide::scanner: Discovering "/home/dioney/Documentos/bet/frontBet/app/__tests__/integration"
2025-11-30T21:59:18.981624Z  INFO get_files:scan_sources: tailwindcss_oxide::scanner: Discovering "/home/dioney/Documentos/bet/frontBet/app/theme"
2025-11-30T21:59:18.981695Z  INFO get_files:scan_sources: tailwindcss_oxide::scanner: Discovering "/home/dioney/Documentos/bet/frontBet/app/theme/__teste__"
2025-11-30T21:59:18.981788Z  INFO get_files:scan_sources: tailwindcss_oxide::scanner: Discovering "/home/dioney/Documentos/bet/frontBet/app/styles"
2025-11-30T21:59:18.981876Z  INFO get_files:scan_sources: tailwindcss_oxide::scanner: Discovering "/home/dioney/Documentos/bet/frontBet/app/routes"
2025-11-30T21:59:18.982108Z  INFO get_files:scan_sources: tailwindcss_oxide::scanner: Discovering "/home/dioney/Documentos/bet/frontBet/app/i18n"
2025-11-30T21:59:18.984208Z  INFO get_files:scan_sources: tailwindcss_oxide::scanner: Discovering "/home/dioney/Documentos/bet/frontBet/app/i18n/locales"
2025-11-30T21:59:18.984441Z  INFO get_files:scan_sources: tailwindcss_oxide::scanner: Discovering "/home/dioney/Documentos/bet/frontBet/app/components"
2025-11-30T21:59:18.984528Z  INFO get_files:scan_sources: tailwindcss_oxide::scanner: Discovering "/home/dioney/Documentos/bet/frontBet/app/components/__teste__"
2025-11-30T21:59:18.984697Z  INFO get_files:scan_sources: tailwindcss_oxide::scanner: Discovering "/home/dioney/Documentos/bet/frontBet/app/components/animation"
2025-11-30T21:59:18.984846Z  INFO get_files:scan_sources: tailwindcss_oxide::scanner: Discovering "/home/dioney/Documentos/bet/frontBet/app/components/ui"
2025-11-30T21:59:18.985021Z  INFO get_files:scan_sources: tailwindcss_oxide::scanner: Discovering "/home/dioney/Documentos/bet/frontBet/app/stores"
2025-11-30T21:59:18.985167Z  INFO get_files:scan_sources: tailwindcss_oxide::scanner: Discovering "/home/dioney/Documentos/bet/frontBet/scripts"
2025-11-30T21:59:18.985287Z  INFO get_files:scan_sources: tailwindcss_oxide::scanner: Discovering "/home/dioney/Documentos/bet/frontBet/tests"
2025-11-30T21:59:18.985340Z  INFO get_files:scan_sources: tailwindcss_oxide::scanner: Discovering "/home/dioney/Documentos/bet/frontBet/tests/integration"
2025-11-30T21:59:18.985495Z  INFO get_files:scan_sources: tailwindcss_oxide::scanner: exit
2025-11-30T21:59:18.985818Z  INFO get_files: tailwindcss_oxide::scanner: exit
2025-11-30T21:59:18.986372Z  INFO get_globs: tailwindcss_oxide::scanner: enter
2025-11-30T21:59:18.986609Z  INFO get_globs: tailwindcss_oxide::scanner: exit
